------------------------------------------------------------------------------------------------------------------------

[2019-03-24 01:27:15 #1 store] 
Database 'C:\Users\aitor\eclipse-workspace\2iterazioa(3)eztaka setresult.zip_expanded\2iteration\resources\bets.temp' has been recovered (tr. 200-200)

[2019-03-24 01:27:15 #2 store] 
Database 'C:\Users\aitor\eclipse-workspace\2iterazioa(3)eztaka setresult.zip_expanded\2iteration\resources\bets.temp' is opened by 15228@Aitor

[2019-03-24 01:27:15 #3 type] 
Type domain.User is not enhanced.

[2019-03-24 01:27:15 #4 type] 
Type domain.Admin is not enhanced.

[2019-03-24 01:27:15 #5 type] 
Type domain.Worker is not enhanced.

[2019-03-24 01:27:15 #6 type] 
Type domain.Question is not enhanced.

[2019-03-24 01:27:15 #7 type] 
Type domain.Event is not enhanced.

[2019-03-24 01:27:15 #8 type] 
Type domain.Registered is not enhanced.

[2019-03-24 01:27:15 #9 type] 
Type domain.Transaction is not enhanced.

[2019-03-24 01:27:15 #10 type] 
Type domain.Fee is not enhanced.

------------------------------------------------------------------------------------------------------------------------

[2019-03-24 01:29:36 #1 store] 
Database 'C:\Users\aitor\eclipse-workspace\2iterazioa(3)eztaka setresult.zip_expanded\2iteration\resources\bets.temp' is opened by 17340@Aitor

[2019-03-24 01:29:37 #2 type] 
Type domain.User is not enhanced.

[2019-03-24 01:29:37 #3 type] 
Type domain.Admin is not enhanced.

[2019-03-24 01:29:37 #4 type] 
Type domain.Worker is not enhanced.

[2019-03-24 01:29:37 #5 type] 
Type domain.Question is not enhanced.

[2019-03-24 01:29:37 #6 type] 
Type domain.Event is not enhanced.

[2019-03-24 01:29:37 #7 type] 
Type domain.Registered is not enhanced.

[2019-03-24 01:29:37 #8 type] 
Type domain.Transaction is not enhanced.

[2019-03-24 01:29:37 #9 type] 
Type domain.Fee is not enhanced.

------------------------------------------------------------------------------------------------------------------------

[2019-03-24 01:30:00 #1 store] 
Database 'C:\Users\aitor\eclipse-workspace\2iterazioa(3)eztaka setresult.zip_expanded\2iteration\resources\bets.temp' is opened by 18384@Aitor

[2019-03-24 01:30:00 #2 type] 
Type domain.User is not enhanced.

[2019-03-24 01:30:00 #3 type] 
Type domain.Admin is not enhanced.

[2019-03-24 01:30:00 #4 type] 
Type domain.Worker is not enhanced.

[2019-03-24 01:30:00 #5 type] 
Type domain.Question is not enhanced.

[2019-03-24 01:30:00 #6 type] 
Type domain.Event is not enhanced.

[2019-03-24 01:30:00 #7 type] 
Type domain.Registered is not enhanced.

[2019-03-24 01:30:00 #8 type] 
Type domain.Transaction is not enhanced.

[2019-03-24 01:30:00 #9 type] 
Type domain.Fee is not enhanced.

------------------------------------------------------------------------------------------------------------------------

[2019-03-24 01:31:31 #1 store] 
Database 'C:\Users\aitor\eclipse-workspace\2iterazioa(3)eztaka setresult.zip_expanded\2iteration\resources\bets.temp' is opened by 18024@Aitor

[2019-03-24 01:31:31 #2 type] 
Type domain.User is not enhanced.

[2019-03-24 01:31:31 #3 type] 
Type domain.Admin is not enhanced.

[2019-03-24 01:31:31 #4 type] 
Type domain.Worker is not enhanced.

[2019-03-24 01:31:31 #5 type] 
Type domain.Question is not enhanced.

[2019-03-24 01:31:31 #6 type] 
Type domain.Event is not enhanced.

[2019-03-24 01:31:31 #7 type] 
Type domain.Registered is not enhanced.

[2019-03-24 01:31:31 #8 type] 
Type domain.Transaction is not enhanced.

[2019-03-24 01:31:31 #9 type] 
Type domain.Fee is not enhanced.

------------------------------------------------------------------------------------------------------------------------

[2019-03-24 01:31:57 #1 store] 
Database 'C:\Users\aitor\eclipse-workspace\2iterazioa(3)eztaka setresult.zip_expanded\2iteration\resources\bets.temp' has been recovered (tr. 201-201)

[2019-03-24 01:31:57 #2 store] 
Database 'C:\Users\aitor\eclipse-workspace\2iterazioa(3)eztaka setresult.zip_expanded\2iteration\resources\bets.temp' is opened by 9020@Aitor

[2019-03-24 01:31:57 #3 type] 
Type domain.User is not enhanced.

[2019-03-24 01:31:57 #4 type] 
Type domain.Admin is not enhanced.

[2019-03-24 01:31:57 #5 type] 
Type domain.Worker is not enhanced.

[2019-03-24 01:31:57 #6 type] 
Type domain.Question is not enhanced.

[2019-03-24 01:31:57 #7 type] 
Type domain.Event is not enhanced.

[2019-03-24 01:31:57 #8 type] 
Type domain.Registered is not enhanced.

[2019-03-24 01:31:57 #9 type] 
Type domain.Transaction is not enhanced.

[2019-03-24 01:31:57 #10 type] 
Type domain.Fee is not enhanced.

------------------------------------------------------------------------------------------------------------------------

[2019-03-24 01:34:32 #1 store] 
Database 'C:\Users\aitor\eclipse-workspace\2iterazioa(3)eztaka setresult.zip_expanded\2iteration\resources\bets.temp' is opened by 17380@Aitor

[2019-03-24 01:34:32 #2 type] 
Type domain.User is not enhanced.

[2019-03-24 01:34:32 #3 type] 
Type domain.Admin is not enhanced.

[2019-03-24 01:34:32 #4 type] 
Type domain.Worker is not enhanced.

[2019-03-24 01:34:32 #5 type] 
Type domain.Question is not enhanced.

[2019-03-24 01:34:32 #6 type] 
Type domain.Event is not enhanced.

[2019-03-24 01:34:32 #7 type] 
Type domain.Registered is not enhanced.

[2019-03-24 01:34:32 #8 type] 
Type domain.Transaction is not enhanced.

[2019-03-24 01:34:32 #9 type] 
Type domain.Fee is not enhanced.

------------------------------------------------------------------------------------------------------------------------

[2019-03-24 01:35:19 #1 store] 
Database 'C:\Users\aitor\eclipse-workspace\2iterazioa(3)eztaka setresult.zip_expanded\2iteration\resources\bets.temp' is opened by 18188@Aitor

[2019-03-24 01:35:19 #2 type] 
Type domain.User is not enhanced.

[2019-03-24 01:35:19 #3 type] 
Type domain.Admin is not enhanced.

[2019-03-24 01:35:19 #4 type] 
Type domain.Worker is not enhanced.

[2019-03-24 01:35:19 #5 type] 
Type domain.Question is not enhanced.

[2019-03-24 01:35:19 #6 type] 
Type domain.Event is not enhanced.

[2019-03-24 01:35:19 #7 type] 
Type domain.Registered is not enhanced.

[2019-03-24 01:35:19 #8 type] 
Type domain.Transaction is not enhanced.

[2019-03-24 01:35:19 #9 type] 
Type domain.Fee is not enhanced.

------------------------------------------------------------------------------------------------------------------------

[2019-03-24 01:36:15 #1 store] 
Database 'C:\Users\aitor\eclipse-workspace\2iterazioa(3)eztaka setresult.zip_expanded\2iteration\resources\bets.temp' is opened by 17436@Aitor

[2019-03-24 01:36:15 #2 type] 
Type domain.User is not enhanced.

[2019-03-24 01:36:15 #3 type] 
Type domain.Admin is not enhanced.

[2019-03-24 01:36:15 #4 type] 
Type domain.Worker is not enhanced.

[2019-03-24 01:36:15 #5 type] 
Type domain.Question is not enhanced.

[2019-03-24 01:36:15 #6 type] 
Type domain.Event is not enhanced.

[2019-03-24 01:36:15 #7 type] 
Type domain.Registered is not enhanced.

[2019-03-24 01:36:15 #8 type] 
Type domain.Transaction is not enhanced.

[2019-03-24 01:36:15 #9 type] 
Type domain.Fee is not enhanced.

------------------------------------------------------------------------------------------------------------------------

[2019-03-24 01:40:15 #1 store] 
Database 'C:\Users\aitor\eclipse-workspace\2iterazioa(3)eztaka setresult.zip_expanded\2iteration\resources\bets.temp' is opened by 2432@Aitor

[2019-03-24 01:40:15 #2 type] 
Type domain.User is not enhanced.

[2019-03-24 01:40:15 #3 type] 
Type domain.Admin is not enhanced.

[2019-03-24 01:40:15 #4 type] 
Type domain.Worker is not enhanced.

[2019-03-24 01:40:15 #5 type] 
Type domain.Question is not enhanced.

[2019-03-24 01:40:15 #6 type] 
Type domain.Event is not enhanced.

[2019-03-24 01:40:15 #7 type] 
Type domain.Registered is not enhanced.

[2019-03-24 01:40:15 #8 type] 
Type domain.Transaction is not enhanced.

[2019-03-24 01:40:15 #9 type] 
Type domain.Fee is not enhanced.

------------------------------------------------------------------------------------------------------------------------

[2019-03-24 01:42:08 #1 store] 
Database 'C:\Users\aitor\eclipse-workspace\2iterazioa(3)eztaka setresult.zip_expanded\2iteration\resources\bets.temp' is opened by 13876@Aitor

[2019-03-24 01:42:08 #2 type] 
Type domain.User is not enhanced.

[2019-03-24 01:42:08 #3 type] 
Type domain.Admin is not enhanced.

[2019-03-24 01:42:08 #4 type] 
Type domain.Worker is not enhanced.

[2019-03-24 01:42:08 #5 type] 
Type domain.Question is not enhanced.

[2019-03-24 01:42:08 #6 type] 
Type domain.Event is not enhanced.

[2019-03-24 01:42:08 #7 type] 
Type domain.Registered is not enhanced.

[2019-03-24 01:42:08 #8 type] 
Type domain.Transaction is not enhanced.

[2019-03-24 01:42:08 #9 type] 
Type domain.Fee is not enhanced.

------------------------------------------------------------------------------------------------------------------------

[2019-03-24 01:42:44 #1 store] 
Database 'C:\Users\aitor\eclipse-workspace\2iterazioa(3)eztaka setresult.zip_expanded\2iteration\resources\bets.temp' is opened by 12780@Aitor

[2019-03-24 01:42:44 #2 type] 
Type domain.User is not enhanced.

[2019-03-24 01:42:44 #3 type] 
Type domain.Admin is not enhanced.

[2019-03-24 01:42:44 #4 type] 
Type domain.Worker is not enhanced.

[2019-03-24 01:42:44 #5 type] 
Type domain.Question is not enhanced.

[2019-03-24 01:42:44 #6 type] 
Type domain.Event is not enhanced.

[2019-03-24 01:42:44 #7 type] 
Type domain.Registered is not enhanced.

[2019-03-24 01:42:44 #8 type] 
Type domain.Transaction is not enhanced.

[2019-03-24 01:42:44 #9 type] 
Type domain.Fee is not enhanced.

------------------------------------------------------------------------------------------------------------------------

[2019-03-24 01:45:59 #1 store] 
Database 'C:\Users\aitor\eclipse-workspace\2iterazioa(3)eztaka setresult.zip_expanded\2iteration\resources\bets.temp' is opened by 17540@Aitor

[2019-03-24 01:45:59 #2 type] 
Type domain.User is not enhanced.

[2019-03-24 01:45:59 #3 type] 
Type domain.Admin is not enhanced.

[2019-03-24 01:45:59 #4 type] 
Type domain.Worker is not enhanced.

[2019-03-24 01:45:59 #5 type] 
Type domain.Question is not enhanced.

[2019-03-24 01:45:59 #6 type] 
Type domain.Event is not enhanced.

[2019-03-24 01:45:59 #7 type] 
Type domain.Registered is not enhanced.

[2019-03-24 01:45:59 #8 type] 
Type domain.Transaction is not enhanced.

[2019-03-24 01:45:59 #9 type] 
Type domain.Fee is not enhanced.

------------------------------------------------------------------------------------------------------------------------

[2019-03-24 01:47:06 #1 store] 
Database 'C:\Users\aitor\eclipse-workspace\2iterazioa(3)eztaka setresult.zip_expanded\2iteration\resources\bets.temp' is opened by 1316@Aitor

[2019-03-24 01:47:06 #2 type] 
Type domain.User is not enhanced.

[2019-03-24 01:47:06 #3 type] 
Type domain.Admin is not enhanced.

[2019-03-24 01:47:06 #4 type] 
Type domain.Worker is not enhanced.

[2019-03-24 01:47:06 #5 type] 
Type domain.Question is not enhanced.

[2019-03-24 01:47:06 #6 type] 
Type domain.Event is not enhanced.

[2019-03-24 01:47:06 #7 type] 
Type domain.Registered is not enhanced.

[2019-03-24 01:47:06 #8 type] 
Type domain.Transaction is not enhanced.

[2019-03-24 01:47:06 #9 type] 
Type domain.Fee is not enhanced.

------------------------------------------------------------------------------------------------------------------------

[2019-03-24 01:49:10 #1 store] 
Database 'C:\Users\aitor\eclipse-workspace\2iterazioa(3)eztaka setresult.zip_expanded\2iteration\resources\bets.temp' is opened by 18292@Aitor

[2019-03-24 01:49:10 #2 type] 
Type domain.User is not enhanced.

[2019-03-24 01:49:10 #3 type] 
Type domain.Admin is not enhanced.

[2019-03-24 01:49:10 #4 type] 
Type domain.Worker is not enhanced.

[2019-03-24 01:49:10 #5 type] 
Type domain.Question is not enhanced.

[2019-03-24 01:49:10 #6 type] 
Type domain.Event is not enhanced.

[2019-03-24 01:49:10 #7 type] 
Type domain.Registered is not enhanced.

[2019-03-24 01:49:10 #8 type] 
Type domain.Transaction is not enhanced.

[2019-03-24 01:49:10 #9 type] 
Type domain.Fee is not enhanced.

------------------------------------------------------------------------------------------------------------------------

[2019-03-24 01:50:18 #1 store] 
Database 'C:\Users\aitor\eclipse-workspace\2iterazioa(3)eztaka setresult.zip_expanded\2iteration\resources\bets.temp' is opened by 9132@Aitor

[2019-03-24 01:50:18 #2 type] 
Type domain.User is not enhanced.

[2019-03-24 01:50:18 #3 type] 
Type domain.Admin is not enhanced.

[2019-03-24 01:50:18 #4 type] 
Type domain.Worker is not enhanced.

[2019-03-24 01:50:18 #5 type] 
Type domain.Question is not enhanced.

[2019-03-24 01:50:18 #6 type] 
Type domain.Event is not enhanced.

[2019-03-24 01:50:18 #7 type] 
Type domain.Registered is not enhanced.

[2019-03-24 01:50:18 #8 type] 
Type domain.Transaction is not enhanced.

[2019-03-24 01:50:18 #9 type] 
Type domain.Fee is not enhanced.

------------------------------------------------------------------------------------------------------------------------

[2019-03-24 01:50:27 #1 store] 
Database 'C:\Users\aitor\eclipse-workspace\2iterazioa(3)eztaka setresult.zip_expanded\2iteration\resources\bets.temp' is opened by 17640@Aitor

[2019-03-24 01:50:27 #2 type] 
Type domain.User is not enhanced.

[2019-03-24 01:50:27 #3 type] 
Type domain.Admin is not enhanced.

[2019-03-24 01:50:27 #4 type] 
Type domain.Worker is not enhanced.

[2019-03-24 01:50:27 #5 type] 
Type domain.Question is not enhanced.

[2019-03-24 01:50:27 #6 type] 
Type domain.Event is not enhanced.

[2019-03-24 01:50:27 #7 type] 
Type domain.Registered is not enhanced.

[2019-03-24 01:50:27 #8 type] 
Type domain.Transaction is not enhanced.

[2019-03-24 01:50:27 #9 type] 
Type domain.Fee is not enhanced.

------------------------------------------------------------------------------------------------------------------------

[2019-03-24 01:51:28 #1 store] 
Database 'C:\Users\aitor\eclipse-workspace\2iterazioa(3)eztaka setresult.zip_expanded\2iteration\resources\bets.temp' is opened by 7284@Aitor

[2019-03-24 01:51:28 #2 type] 
Type domain.User is not enhanced.

[2019-03-24 01:51:28 #3 type] 
Type domain.Admin is not enhanced.

[2019-03-24 01:51:28 #4 type] 
Type domain.Worker is not enhanced.

[2019-03-24 01:51:28 #5 type] 
Type domain.Question is not enhanced.

[2019-03-24 01:51:28 #6 type] 
Type domain.Event is not enhanced.

[2019-03-24 01:51:28 #7 type] 
Type domain.Registered is not enhanced.

[2019-03-24 01:51:28 #8 type] 
Type domain.Transaction is not enhanced.

[2019-03-24 01:51:28 #9 type] 
Type domain.Fee is not enhanced.

------------------------------------------------------------------------------------------------------------------------

[2019-03-24 01:51:46 #1 store] 
Database 'C:\Users\aitor\eclipse-workspace\2iterazioa(3)eztaka setresult.zip_expanded\2iteration\resources\bets.temp' is opened by 13120@Aitor

[2019-03-24 01:51:46 #2 type] 
Type domain.User is not enhanced.

[2019-03-24 01:51:46 #3 type] 
Type domain.Admin is not enhanced.

[2019-03-24 01:51:46 #4 type] 
Type domain.Worker is not enhanced.

[2019-03-24 01:51:46 #5 type] 
Type domain.Question is not enhanced.

[2019-03-24 01:51:46 #6 type] 
Type domain.Event is not enhanced.

[2019-03-24 01:51:46 #7 type] 
Type domain.Registered is not enhanced.

[2019-03-24 01:51:46 #8 type] 
Type domain.Transaction is not enhanced.

[2019-03-24 01:51:46 #9 type] 
Type domain.Fee is not enhanced.

------------------------------------------------------------------------------------------------------------------------

[2019-03-24 01:54:08 #1 store] 
Database 'C:\Users\aitor\eclipse-workspace\2iterazioa(3)eztaka setresult.zip_expanded\2iteration\resources\bets.temp' has been recovered (tr. 226-226)

[2019-03-24 01:54:08 #2 store] 
Database 'C:\Users\aitor\eclipse-workspace\2iterazioa(3)eztaka setresult.zip_expanded\2iteration\resources\bets.temp' is opened by 18324@Aitor

[2019-03-24 01:54:08 #3 type] 
Type domain.User is not enhanced.

[2019-03-24 01:54:08 #4 type] 
Type domain.Admin is not enhanced.

[2019-03-24 01:54:08 #5 type] 
Type domain.Worker is not enhanced.

[2019-03-24 01:54:08 #6 type] 
Type domain.Question is not enhanced.

[2019-03-24 01:54:08 #7 type] 
Type domain.Event is not enhanced.

[2019-03-24 01:54:08 #8 type] 
Type domain.Registered is not enhanced.

[2019-03-24 01:54:08 #9 type] 
Type domain.Transaction is not enhanced.

[2019-03-24 01:54:08 #10 type] 
Type domain.Fee is not enhanced.

------------------------------------------------------------------------------------------------------------------------

[2019-03-24 01:54:24 #1 store] 
Database 'C:\Users\aitor\eclipse-workspace\2iterazioa(3)eztaka setresult.zip_expanded\2iteration\resources\bets.temp' is opened by 5748@Aitor

[2019-03-24 01:54:24 #2 type] 
Type domain.User is not enhanced.

[2019-03-24 01:54:24 #3 type] 
Type domain.Admin is not enhanced.

[2019-03-24 01:54:24 #4 type] 
Type domain.Worker is not enhanced.

[2019-03-24 01:54:24 #5 type] 
Type domain.Question is not enhanced.

[2019-03-24 01:54:24 #6 type] 
Type domain.Event is not enhanced.

[2019-03-24 01:54:24 #7 type] 
Type domain.Registered is not enhanced.

[2019-03-24 01:54:24 #8 type] 
Type domain.Transaction is not enhanced.

[2019-03-24 01:54:24 #9 type] 
Type domain.Fee is not enhanced.

------------------------------------------------------------------------------------------------------------------------

[2019-03-24 01:54:56 #1 store] 
Database 'C:\Users\aitor\eclipse-workspace\2iterazioa(3)eztaka setresult.zip_expanded\2iteration\resources\bets.temp' has been recovered (tr. 227-229)

[2019-03-24 01:54:56 #2 store] 
Database 'C:\Users\aitor\eclipse-workspace\2iterazioa(3)eztaka setresult.zip_expanded\2iteration\resources\bets.temp' is opened by 18420@Aitor

[2019-03-24 01:54:56 #3 type] 
Type domain.User is not enhanced.

[2019-03-24 01:54:56 #4 type] 
Type domain.Admin is not enhanced.

[2019-03-24 01:54:56 #5 type] 
Type domain.Worker is not enhanced.

[2019-03-24 01:54:56 #6 type] 
Type domain.Question is not enhanced.

[2019-03-24 01:54:56 #7 type] 
Type domain.Event is not enhanced.

[2019-03-24 01:54:56 #8 type] 
Type domain.Registered is not enhanced.

[2019-03-24 01:54:56 #9 type] 
Type domain.Transaction is not enhanced.

[2019-03-24 01:54:56 #10 type] 
Type domain.Fee is not enhanced.

------------------------------------------------------------------------------------------------------------------------

[2019-03-24 01:55:42 #1 store] 
Database 'C:\Users\aitor\eclipse-workspace\2iterazioa(3)eztaka setresult.zip_expanded\2iteration\resources\bets.temp' has been recovered (tr. 230-231)

[2019-03-24 01:55:42 #2 store] 
Database 'C:\Users\aitor\eclipse-workspace\2iterazioa(3)eztaka setresult.zip_expanded\2iteration\resources\bets.temp' is opened by 408@Aitor

[2019-03-24 01:55:42 #3 type] 
Type domain.User is not enhanced.

[2019-03-24 01:55:42 #4 type] 
Type domain.Admin is not enhanced.

[2019-03-24 01:55:42 #5 type] 
Type domain.Worker is not enhanced.

[2019-03-24 01:55:42 #6 type] 
Type domain.Question is not enhanced.

[2019-03-24 01:55:42 #7 type] 
Type domain.Event is not enhanced.

[2019-03-24 01:55:42 #8 type] 
Type domain.Registered is not enhanced.

[2019-03-24 01:55:42 #9 type] 
Type domain.Transaction is not enhanced.

[2019-03-24 01:55:42 #10 type] 
Type domain.Fee is not enhanced.

------------------------------------------------------------------------------------------------------------------------

[2019-03-24 01:56:14 #1 store] 
Database 'C:\Users\aitor\eclipse-workspace\2iterazioa(3)eztaka setresult.zip_expanded\2iteration\resources\bets.temp' is opened by 18056@Aitor

[2019-03-24 01:56:14 #2 type] 
Type domain.User is not enhanced.

[2019-03-24 01:56:14 #3 type] 
Type domain.Admin is not enhanced.

[2019-03-24 01:56:14 #4 type] 
Type domain.Worker is not enhanced.

[2019-03-24 01:56:14 #5 type] 
Type domain.Question is not enhanced.

[2019-03-24 01:56:14 #6 type] 
Type domain.Event is not enhanced.

[2019-03-24 01:56:14 #7 type] 
Type domain.Registered is not enhanced.

[2019-03-24 01:56:14 #8 type] 
Type domain.Transaction is not enhanced.

[2019-03-24 01:56:14 #9 type] 
Type domain.Fee is not enhanced.

------------------------------------------------------------------------------------------------------------------------

[2019-03-24 01:58:22 #1 store] 
Database 'C:\Users\aitor\eclipse-workspace\2iterazioa(3)eztaka setresult.zip_expanded\2iteration\resources\bets.temp' is opened by 13812@Aitor

[2019-03-24 01:58:22 #2 type] 
Type domain.User is not enhanced.

[2019-03-24 01:58:22 #3 type] 
Type domain.Admin is not enhanced.

[2019-03-24 01:58:22 #4 type] 
Type domain.Worker is not enhanced.

[2019-03-24 01:58:22 #5 type] 
Type domain.Question is not enhanced.

[2019-03-24 01:58:22 #6 type] 
Type domain.Event is not enhanced.

[2019-03-24 01:58:22 #7 type] 
Type domain.Registered is not enhanced.

[2019-03-24 01:58:22 #8 type] 
Type domain.Transaction is not enhanced.

[2019-03-24 01:58:22 #9 type] 
Type domain.Fee is not enhanced.

------------------------------------------------------------------------------------------------------------------------

[2019-03-24 01:58:36 #1 store] 
Database 'C:\Users\aitor\eclipse-workspace\2iterazioa(3)eztaka setresult.zip_expanded\2iteration\resources\bets.temp' has been recovered (tr. 286-286)

[2019-03-24 01:58:36 #2 store] 
Database 'C:\Users\aitor\eclipse-workspace\2iterazioa(3)eztaka setresult.zip_expanded\2iteration\resources\bets.temp' is opened by 4756@Aitor

[2019-03-24 01:58:37 #3 type] 
Type domain.User is not enhanced.

[2019-03-24 01:58:37 #4 type] 
Type domain.Admin is not enhanced.

[2019-03-24 01:58:37 #5 type] 
Type domain.Worker is not enhanced.

[2019-03-24 01:58:37 #6 type] 
Type domain.Question is not enhanced.

[2019-03-24 01:58:37 #7 type] 
Type domain.Event is not enhanced.

[2019-03-24 01:58:37 #8 type] 
Type domain.Registered is not enhanced.

[2019-03-24 01:58:37 #9 type] 
Type domain.Transaction is not enhanced.

[2019-03-24 01:58:37 #10 type] 
Type domain.Fee is not enhanced.

------------------------------------------------------------------------------------------------------------------------

[2019-03-24 01:59:05 #1 store] 
Database 'C:\Users\aitor\eclipse-workspace\2iterazioa(3)eztaka setresult.zip_expanded\2iteration\resources\bets.temp' has been recovered (tr. 287-289)

[2019-03-24 01:59:05 #2 store] 
Database 'C:\Users\aitor\eclipse-workspace\2iterazioa(3)eztaka setresult.zip_expanded\2iteration\resources\bets.temp' is opened by 1588@Aitor

[2019-03-24 01:59:05 #3 type] 
Type domain.User is not enhanced.

[2019-03-24 01:59:05 #4 type] 
Type domain.Admin is not enhanced.

[2019-03-24 01:59:05 #5 type] 
Type domain.Worker is not enhanced.

[2019-03-24 01:59:05 #6 type] 
Type domain.Question is not enhanced.

[2019-03-24 01:59:05 #7 type] 
Type domain.Event is not enhanced.

[2019-03-24 01:59:05 #8 type] 
Type domain.Registered is not enhanced.

[2019-03-24 01:59:05 #9 type] 
Type domain.Transaction is not enhanced.

[2019-03-24 01:59:05 #10 type] 
Type domain.Fee is not enhanced.

------------------------------------------------------------------------------------------------------------------------

[2019-03-24 01:59:30 #1 store] 
Database 'C:\Users\aitor\eclipse-workspace\2iterazioa(3)eztaka setresult.zip_expanded\2iteration\resources\bets.temp' has been recovered (tr. 290-290)

[2019-03-24 01:59:30 #2 store] 
Database 'C:\Users\aitor\eclipse-workspace\2iterazioa(3)eztaka setresult.zip_expanded\2iteration\resources\bets.temp' is opened by 7444@Aitor

[2019-03-24 01:59:30 #3 type] 
Type domain.User is not enhanced.

[2019-03-24 01:59:30 #4 type] 
Type domain.Admin is not enhanced.

[2019-03-24 01:59:30 #5 type] 
Type domain.Worker is not enhanced.

[2019-03-24 01:59:30 #6 type] 
Type domain.Question is not enhanced.

[2019-03-24 01:59:30 #7 type] 
Type domain.Event is not enhanced.

[2019-03-24 01:59:30 #8 type] 
Type domain.Registered is not enhanced.

[2019-03-24 01:59:30 #9 type] 
Type domain.Transaction is not enhanced.

[2019-03-24 01:59:30 #10 type] 
Type domain.Fee is not enhanced.

------------------------------------------------------------------------------------------------------------------------

[2019-03-24 02:00:50 #1 store] 
Database 'C:\Users\aitor\eclipse-workspace\2iterazioa(3)eztaka setresult.zip_expanded\2iteration\resources\bets.temp' is opened by 13372@Aitor

[2019-03-24 02:00:50 #2 type] 
Type domain.User is not enhanced.

[2019-03-24 02:00:50 #3 type] 
Type domain.Admin is not enhanced.

[2019-03-24 02:00:50 #4 type] 
Type domain.Worker is not enhanced.

[2019-03-24 02:00:50 #5 type] 
Type domain.Question is not enhanced.

[2019-03-24 02:00:50 #6 type] 
Type domain.Event is not enhanced.

[2019-03-24 02:00:50 #7 type] 
Type domain.Registered is not enhanced.

[2019-03-24 02:00:50 #8 type] 
Type domain.Transaction is not enhanced.

[2019-03-24 02:00:50 #9 type] 
Type domain.Fee is not enhanced.

------------------------------------------------------------------------------------------------------------------------

[2019-03-24 02:02:05 #1 store] 
Database 'C:\Users\aitor\eclipse-workspace\2iterazioa(3)eztaka setresult.zip_expanded\2iteration\resources\bets.temp' is opened by 18284@Aitor

[2019-03-24 02:02:05 #2 type] 
Type domain.User is not enhanced.

[2019-03-24 02:02:05 #3 type] 
Type domain.Admin is not enhanced.

[2019-03-24 02:02:05 #4 type] 
Type domain.Worker is not enhanced.

[2019-03-24 02:02:05 #5 type] 
Type domain.Question is not enhanced.

[2019-03-24 02:02:05 #6 type] 
Type domain.Event is not enhanced.

[2019-03-24 02:02:05 #7 type] 
Type domain.Registered is not enhanced.

[2019-03-24 02:02:05 #8 type] 
Type domain.Transaction is not enhanced.

[2019-03-24 02:02:05 #9 type] 
Type domain.Fee is not enhanced.

------------------------------------------------------------------------------------------------------------------------

[2019-03-24 02:02:26 #1 store] 
Database 'C:\Users\aitor\eclipse-workspace\2iterazioa(3)eztaka setresult.zip_expanded\2iteration\resources\bets.temp' is opened by 7696@Aitor

[2019-03-24 02:02:26 #2 type] 
Type domain.User is not enhanced.

[2019-03-24 02:02:26 #3 type] 
Type domain.Admin is not enhanced.

[2019-03-24 02:02:26 #4 type] 
Type domain.Worker is not enhanced.

[2019-03-24 02:02:26 #5 type] 
Type domain.Question is not enhanced.

[2019-03-24 02:02:26 #6 type] 
Type domain.Event is not enhanced.

[2019-03-24 02:02:26 #7 type] 
Type domain.Registered is not enhanced.

[2019-03-24 02:02:26 #8 type] 
Type domain.Transaction is not enhanced.

[2019-03-24 02:02:26 #9 type] 
Type domain.Fee is not enhanced.

------------------------------------------------------------------------------------------------------------------------

[2019-03-24 11:54:24 #1 store] 
Database 'C:\Users\aitor\eclipse-workspace\2iterazioa(3)eztaka setresult.zip_expanded\2iteration\resources\bets.temp' has been recovered (tr. 295-300)

[2019-03-24 11:54:24 #2 store] 
Database 'C:\Users\aitor\eclipse-workspace\2iterazioa(3)eztaka setresult.zip_expanded\2iteration\resources\bets.temp' is opened by 13276@Aitor

[2019-03-24 11:54:24 #3 type] 
Type domain.User is not enhanced.

[2019-03-24 11:54:24 #4 type] 
Type domain.Admin is not enhanced.

[2019-03-24 11:54:24 #5 type] 
Type domain.Worker is not enhanced.

[2019-03-24 11:54:24 #6 type] 
Type domain.Question is not enhanced.

[2019-03-24 11:54:24 #7 type] 
Type domain.Event is not enhanced.

[2019-03-24 11:54:24 #8 type] 
Type domain.Registered is not enhanced.

[2019-03-24 11:54:24 #9 type] 
Type domain.Transaction is not enhanced.

[2019-03-24 11:54:24 #10 type] 
Type domain.Fee is not enhanced.

------------------------------------------------------------------------------------------------------------------------

[2019-03-24 17:58:39 #1 store] 
Database 'C:\Users\aitor\eclipse-workspace\2iterazioa(3)eztaka setresult.zip_expanded\2iteration\resources\bets.temp' has been recovered (tr. 301-302)

[2019-03-24 17:58:39 #2 store] 
Database 'C:\Users\aitor\eclipse-workspace\2iterazioa(3)eztaka setresult.zip_expanded\2iteration\resources\bets.temp' is opened by 11360@Aitor

[2019-03-24 17:58:39 #3 type] 
Type domain.User is not enhanced.

[2019-03-24 17:58:39 #4 type] 
Type domain.Admin is not enhanced.

[2019-03-24 17:58:39 #5 type] 
Type domain.Worker is not enhanced.

[2019-03-24 17:58:39 #6 type] 
Type domain.Question is not enhanced.

[2019-03-24 17:58:39 #7 type] 
Type domain.Event is not enhanced.

[2019-03-24 17:58:39 #8 type] 
Type domain.Registered is not enhanced.

[2019-03-24 17:58:39 #9 type] 
Type domain.Transaction is not enhanced.

[2019-03-24 17:58:39 #10 type] 
Type domain.Fee is not enhanced.

------------------------------------------------------------------------------------------------------------------------

[2019-03-24 18:01:29 #1 store] 
Database 'C:\Users\aitor\eclipse-workspace\2iterazioa(3)eztaka setresult.zip_expanded\2iteration\resources\bets.temp' has been recovered (tr. 303-304)

[2019-03-24 18:01:29 #2 store] 
Database 'C:\Users\aitor\eclipse-workspace\2iterazioa(3)eztaka setresult.zip_expanded\2iteration\resources\bets.temp' is opened by 6744@Aitor

[2019-03-24 18:01:29 #3 type] 
Type domain.User is not enhanced.

[2019-03-24 18:01:29 #4 type] 
Type domain.Admin is not enhanced.

[2019-03-24 18:01:29 #5 type] 
Type domain.Worker is not enhanced.

[2019-03-24 18:01:29 #6 type] 
Type domain.Question is not enhanced.

[2019-03-24 18:01:29 #7 type] 
Type domain.Event is not enhanced.

[2019-03-24 18:01:29 #8 type] 
Type domain.Registered is not enhanced.

[2019-03-24 18:01:29 #9 type] 
Type domain.Transaction is not enhanced.

[2019-03-24 18:01:29 #10 type] 
Type domain.Fee is not enhanced.

------------------------------------------------------------------------------------------------------------------------

[2019-03-24 18:08:59 #1 store] 
Database 'C:\Users\aitor\eclipse-workspace\2iterazioa(3)eztaka setresult.zip_expanded\2iteration\resources\bets.temp' is opened by 9724@Aitor

[2019-03-24 18:08:59 #2 type] 
Type domain.User is not enhanced.

[2019-03-24 18:08:59 #3 type] 
Type domain.Admin is not enhanced.

[2019-03-24 18:08:59 #4 type] 
Type domain.Worker is not enhanced.

[2019-03-24 18:08:59 #5 type] 
Type domain.Question is not enhanced.

[2019-03-24 18:08:59 #6 type] 
Type domain.Event is not enhanced.

[2019-03-24 18:08:59 #7 type] 
Type domain.Registered is not enhanced.

[2019-03-24 18:08:59 #8 type] 
Type domain.Transaction is not enhanced.

[2019-03-24 18:08:59 #9 type] 
Type domain.Fee is not enhanced.

------------------------------------------------------------------------------------------------------------------------

[2019-03-24 18:11:38 #1 store] 
Database 'C:\Users\aitor\eclipse-workspace\2iterazioa(3)eztaka setresult.zip_expanded\2iteration\resources\bets.temp' is opened by 3952@Aitor

[2019-03-24 18:11:38 #2 type] 
Type domain.User is not enhanced.

[2019-03-24 18:11:38 #3 type] 
Type domain.Admin is not enhanced.

[2019-03-24 18:11:38 #4 type] 
Type domain.Worker is not enhanced.

[2019-03-24 18:11:38 #5 type] 
Type domain.Question is not enhanced.

[2019-03-24 18:11:38 #6 type] 
Type domain.Event is not enhanced.

[2019-03-24 18:11:38 #7 type] 
Type domain.Registered is not enhanced.

[2019-03-24 18:11:38 #8 type] 
Type domain.Transaction is not enhanced.

[2019-03-24 18:11:38 #9 type] 
Type domain.Fee is not enhanced.

------------------------------------------------------------------------------------------------------------------------

[2019-03-24 18:13:42 #1 store] 
Database 'C:\Users\aitor\eclipse-workspace\2iterazioa(3)eztaka setresult.zip_expanded\2iteration\resources\bets.temp' is opened by 16580@Aitor

[2019-03-24 18:13:42 #2 type] 
Type domain.User is not enhanced.

[2019-03-24 18:13:42 #3 type] 
Type domain.Admin is not enhanced.

[2019-03-24 18:13:42 #4 type] 
Type domain.Worker is not enhanced.

[2019-03-24 18:13:42 #5 type] 
Type domain.Question is not enhanced.

[2019-03-24 18:13:42 #6 type] 
Type domain.Event is not enhanced.

[2019-03-24 18:13:42 #7 type] 
Type domain.Registered is not enhanced.

[2019-03-24 18:13:42 #8 type] 
Type domain.Transaction is not enhanced.

[2019-03-24 18:13:42 #9 type] 
Type domain.Fee is not enhanced.

------------------------------------------------------------------------------------------------------------------------

[2019-03-24 18:14:50 #1 store] 
Database 'C:\Users\aitor\eclipse-workspace\2iterazioa(3)eztaka setresult.zip_expanded\2iteration\resources\bets.temp' is opened by 13960@Aitor

[2019-03-24 18:14:50 #2 type] 
Type domain.User is not enhanced.

[2019-03-24 18:14:50 #3 type] 
Type domain.Admin is not enhanced.

[2019-03-24 18:14:50 #4 type] 
Type domain.Worker is not enhanced.

[2019-03-24 18:14:50 #5 type] 
Type domain.Question is not enhanced.

[2019-03-24 18:14:50 #6 type] 
Type domain.Event is not enhanced.

[2019-03-24 18:14:50 #7 type] 
Type domain.Registered is not enhanced.

[2019-03-24 18:14:50 #8 type] 
Type domain.Transaction is not enhanced.

[2019-03-24 18:14:50 #9 type] 
Type domain.Fee is not enhanced.

------------------------------------------------------------------------------------------------------------------------

[2019-03-24 18:20:58 #1 store] 
Database 'C:\Users\aitor\eclipse-workspace\2iterazioa(3)eztaka setresult.zip_expanded\2iteration\resources\bets.temp' is opened by 10928@Aitor

[2019-03-24 18:20:58 #2 type] 
Type domain.User is not enhanced.

[2019-03-24 18:20:58 #3 type] 
Type domain.Admin is not enhanced.

[2019-03-24 18:20:58 #4 type] 
Type domain.Worker is not enhanced.

[2019-03-24 18:20:58 #5 type] 
Type domain.Question is not enhanced.

[2019-03-24 18:20:58 #6 type] 
Type domain.Event is not enhanced.

[2019-03-24 18:20:58 #7 type] 
Type domain.Registered is not enhanced.

[2019-03-24 18:20:58 #8 type] 
Type domain.Transaction is not enhanced.

[2019-03-24 18:20:58 #9 type] 
Type domain.Fee is not enhanced.

------------------------------------------------------------------------------------------------------------------------

[2019-03-24 18:22:04 #1 store] 
Database 'C:\Users\aitor\eclipse-workspace\2iterazioa(3)eztaka setresult.zip_expanded\2iteration\resources\bets.temp' is opened by 12816@Aitor

[2019-03-24 18:22:05 #2 type] 
Type domain.User is not enhanced.

[2019-03-24 18:22:05 #3 type] 
Type domain.Admin is not enhanced.

[2019-03-24 18:22:05 #4 type] 
Type domain.Worker is not enhanced.

[2019-03-24 18:22:05 #5 type] 
Type domain.Question is not enhanced.

[2019-03-24 18:22:05 #6 type] 
Type domain.Event is not enhanced.

[2019-03-24 18:22:05 #7 type] 
Type domain.Registered is not enhanced.

[2019-03-24 18:22:05 #8 type] 
Type domain.Transaction is not enhanced.

[2019-03-24 18:22:05 #9 type] 
Type domain.Fee is not enhanced.

------------------------------------------------------------------------------------------------------------------------

[2019-03-24 18:22:58 #1 store] 
Database 'C:\Users\aitor\eclipse-workspace\2iterazioa(3)eztaka setresult.zip_expanded\2iteration\resources\bets.temp' is opened by 15936@Aitor

[2019-03-24 18:22:58 #2 type] 
Type domain.User is not enhanced.

[2019-03-24 18:22:58 #3 type] 
Type domain.Admin is not enhanced.

[2019-03-24 18:22:58 #4 type] 
Type domain.Worker is not enhanced.

[2019-03-24 18:22:58 #5 type] 
Type domain.Question is not enhanced.

[2019-03-24 18:22:58 #6 type] 
Type domain.Event is not enhanced.

[2019-03-24 18:22:58 #7 type] 
Type domain.Registered is not enhanced.

[2019-03-24 18:22:58 #8 type] 
Type domain.Transaction is not enhanced.

[2019-03-24 18:22:58 #9 type] 
Type domain.Fee is not enhanced.

------------------------------------------------------------------------------------------------------------------------

[2019-03-24 18:23:32 #1 store] 
Database 'C:\Users\aitor\eclipse-workspace\2iterazioa(3)eztaka setresult.zip_expanded\2iteration\resources\bets.temp' is opened by 7360@Aitor

[2019-03-24 18:23:33 #2 type] 
Type domain.User is not enhanced.

[2019-03-24 18:23:33 #3 type] 
Type domain.Admin is not enhanced.

[2019-03-24 18:23:33 #4 type] 
Type domain.Worker is not enhanced.

[2019-03-24 18:23:33 #5 type] 
Type domain.Question is not enhanced.

[2019-03-24 18:23:33 #6 type] 
Type domain.Event is not enhanced.

[2019-03-24 18:23:33 #7 type] 
Type domain.Registered is not enhanced.

[2019-03-24 18:23:33 #8 type] 
Type domain.Transaction is not enhanced.

[2019-03-24 18:23:33 #9 type] 
Type domain.Fee is not enhanced.

------------------------------------------------------------------------------------------------------------------------

[2019-03-24 18:24:36 #1 store] 
Database 'C:\Users\aitor\eclipse-workspace\2iterazioa(3)eztaka setresult.zip_expanded\2iteration\resources\bets.temp' is opened by 6512@Aitor

[2019-03-24 18:24:36 #2 type] 
Type domain.User is not enhanced.

[2019-03-24 18:24:36 #3 type] 
Type domain.Admin is not enhanced.

[2019-03-24 18:24:36 #4 type] 
Type domain.Worker is not enhanced.

[2019-03-24 18:24:36 #5 type] 
Type domain.Question is not enhanced.

[2019-03-24 18:24:36 #6 type] 
Type domain.Event is not enhanced.

[2019-03-24 18:24:36 #7 type] 
Type domain.Registered is not enhanced.

[2019-03-24 18:24:36 #8 type] 
Type domain.Transaction is not enhanced.

[2019-03-24 18:24:36 #9 type] 
Type domain.Fee is not enhanced.

------------------------------------------------------------------------------------------------------------------------

[2019-03-24 18:27:43 #1 store] 
Database 'C:\Users\aitor\eclipse-workspace\2iterazioa(3)eztaka setresult.zip_expanded\2iteration\resources\bets.temp' is opened by 16572@Aitor

[2019-03-24 18:27:44 #2 type] 
Type domain.User is not enhanced.

[2019-03-24 18:27:44 #3 type] 
Type domain.Admin is not enhanced.

[2019-03-24 18:27:44 #4 type] 
Type domain.Worker is not enhanced.

[2019-03-24 18:27:44 #5 type] 
Type domain.Question is not enhanced.

[2019-03-24 18:27:44 #6 type] 
Type domain.Event is not enhanced.

[2019-03-24 18:27:44 #7 type] 
Type domain.Registered is not enhanced.

[2019-03-24 18:27:44 #8 type] 
Type domain.Transaction is not enhanced.

[2019-03-24 18:27:44 #9 type] 
Type domain.Fee is not enhanced.

------------------------------------------------------------------------------------------------------------------------

[2019-03-24 18:28:07 #1 store] 
Database 'C:\Users\aitor\eclipse-workspace\2iterazioa(3)eztaka setresult.zip_expanded\2iteration\resources\bets.temp' has been recovered (tr. 327-327)

[2019-03-24 18:28:07 #2 store] 
Database 'C:\Users\aitor\eclipse-workspace\2iterazioa(3)eztaka setresult.zip_expanded\2iteration\resources\bets.temp' is opened by 8220@Aitor

[2019-03-24 18:28:07 #3 type] 
Type domain.User is not enhanced.

[2019-03-24 18:28:07 #4 type] 
Type domain.Admin is not enhanced.

[2019-03-24 18:28:07 #5 type] 
Type domain.Worker is not enhanced.

[2019-03-24 18:28:07 #6 type] 
Type domain.Question is not enhanced.

[2019-03-24 18:28:07 #7 type] 
Type domain.Event is not enhanced.

[2019-03-24 18:28:07 #8 type] 
Type domain.Registered is not enhanced.

[2019-03-24 18:28:07 #9 type] 
Type domain.Transaction is not enhanced.

[2019-03-24 18:28:07 #10 type] 
Type domain.Fee is not enhanced.

------------------------------------------------------------------------------------------------------------------------

[2019-03-24 18:28:56 #1 store] 
Database 'C:\Users\aitor\eclipse-workspace\2iterazioa(3)eztaka setresult.zip_expanded\2iteration\resources\bets.temp' is opened by 2628@Aitor

[2019-03-24 18:28:56 #2 type] 
Type domain.User is not enhanced.

[2019-03-24 18:28:56 #3 type] 
Type domain.Admin is not enhanced.

[2019-03-24 18:28:56 #4 type] 
Type domain.Worker is not enhanced.

[2019-03-24 18:28:56 #5 type] 
Type domain.Question is not enhanced.

[2019-03-24 18:28:56 #6 type] 
Type domain.Event is not enhanced.

[2019-03-24 18:28:56 #7 type] 
Type domain.Registered is not enhanced.

[2019-03-24 18:28:56 #8 type] 
Type domain.Transaction is not enhanced.

[2019-03-24 18:28:56 #9 type] 
Type domain.Fee is not enhanced.

------------------------------------------------------------------------------------------------------------------------

[2019-03-24 18:31:09 #1 store] 
Database 'C:\Users\aitor\eclipse-workspace\2iterazioa(3)eztaka setresult.zip_expanded\2iteration\resources\bets.temp' is opened by 14608@Aitor

[2019-03-24 18:31:09 #2 type] 
Type domain.User is not enhanced.

[2019-03-24 18:31:09 #3 type] 
Type domain.Admin is not enhanced.

[2019-03-24 18:31:09 #4 type] 
Type domain.Worker is not enhanced.

[2019-03-24 18:31:09 #5 type] 
Type domain.Question is not enhanced.

[2019-03-24 18:31:09 #6 type] 
Type domain.Event is not enhanced.

[2019-03-24 18:31:09 #7 type] 
Type domain.Registered is not enhanced.

[2019-03-24 18:31:09 #8 type] 
Type domain.Transaction is not enhanced.

[2019-03-24 18:31:09 #9 type] 
Type domain.Fee is not enhanced.

------------------------------------------------------------------------------------------------------------------------

[2019-03-24 18:32:30 #1 store] 
Database 'C:\Users\aitor\eclipse-workspace\2iterazioa(3)eztaka setresult.zip_expanded\2iteration\resources\bets.temp' is opened by 11160@Aitor

[2019-03-24 18:32:31 #2 type] 
Type domain.User is not enhanced.

[2019-03-24 18:32:31 #3 type] 
Type domain.Admin is not enhanced.

[2019-03-24 18:32:31 #4 type] 
Type domain.Worker is not enhanced.

[2019-03-24 18:32:31 #5 type] 
Type domain.Question is not enhanced.

[2019-03-24 18:32:31 #6 type] 
Type domain.Event is not enhanced.

[2019-03-24 18:32:31 #7 type] 
Type domain.Registered is not enhanced.

[2019-03-24 18:32:31 #8 type] 
Type domain.Transaction is not enhanced.

[2019-03-24 18:32:31 #9 type] 
Type domain.Fee is not enhanced.

------------------------------------------------------------------------------------------------------------------------

[2019-03-24 18:34:50 #1 store] 
Database 'C:\Users\aitor\eclipse-workspace\2iterazioa(3)eztaka setresult.zip_expanded\2iteration\resources\bets.temp' is opened by 10252@Aitor

[2019-03-24 18:34:50 #2 type] 
Type domain.User is not enhanced.

[2019-03-24 18:34:50 #3 type] 
Type domain.Admin is not enhanced.

[2019-03-24 18:34:50 #4 type] 
Type domain.Worker is not enhanced.

[2019-03-24 18:34:50 #5 type] 
Type domain.Question is not enhanced.

[2019-03-24 18:34:50 #6 type] 
Type domain.Event is not enhanced.

[2019-03-24 18:34:50 #7 type] 
Type domain.Registered is not enhanced.

[2019-03-24 18:34:50 #8 type] 
Type domain.Transaction is not enhanced.

[2019-03-24 18:34:50 #9 type] 
Type domain.Fee is not enhanced.

------------------------------------------------------------------------------------------------------------------------

[2019-03-24 18:35:26 #1 store] 
Database 'C:\Users\aitor\eclipse-workspace\2iterazioa(3)eztaka setresult.zip_expanded\2iteration\resources\bets.temp' is opened by 10392@Aitor

[2019-03-24 18:35:26 #2 type] 
Type domain.User is not enhanced.

[2019-03-24 18:35:26 #3 type] 
Type domain.Admin is not enhanced.

[2019-03-24 18:35:26 #4 type] 
Type domain.Worker is not enhanced.

[2019-03-24 18:35:26 #5 type] 
Type domain.Question is not enhanced.

[2019-03-24 18:35:26 #6 type] 
Type domain.Event is not enhanced.

[2019-03-24 18:35:26 #7 type] 
Type domain.Registered is not enhanced.

[2019-03-24 18:35:26 #8 type] 
Type domain.Transaction is not enhanced.

[2019-03-24 18:35:26 #9 type] 
Type domain.Fee is not enhanced.

------------------------------------------------------------------------------------------------------------------------

[2019-03-24 19:24:17 #1 store] 
Database 'C:\Users\aitor\eclipse-workspace\2iterazioa(3)eztaka setresult.zip_expanded\2iteration\resources\bets.temp' is opened by 16724@Aitor

[2019-03-24 19:24:17 #2 type] 
Type domain.User is not enhanced.

[2019-03-24 19:24:17 #3 type] 
Type domain.Admin is not enhanced.

[2019-03-24 19:24:17 #4 type] 
Type domain.Worker is not enhanced.

[2019-03-24 19:24:17 #5 type] 
Type domain.Question is not enhanced.

[2019-03-24 19:24:17 #6 type] 
Type domain.Event is not enhanced.

[2019-03-24 19:24:17 #7 type] 
Type domain.Registered is not enhanced.

[2019-03-24 19:24:17 #8 type] 
Type domain.Transaction is not enhanced.

[2019-03-24 19:24:17 #9 type] 
Type domain.Fee is not enhanced.

------------------------------------------------------------------------------------------------------------------------

[2019-03-24 19:25:19 #1 store] 
Database 'C:\Users\aitor\eclipse-workspace\2iterazioa(3)eztaka setresult.zip_expanded\2iteration\resources\bets.temp' is opened by 5472@Aitor

[2019-03-24 19:25:19 #2 type] 
Type domain.User is not enhanced.

[2019-03-24 19:25:19 #3 type] 
Type domain.Admin is not enhanced.

[2019-03-24 19:25:19 #4 type] 
Type domain.Worker is not enhanced.

[2019-03-24 19:25:19 #5 type] 
Type domain.Question is not enhanced.

[2019-03-24 19:25:19 #6 type] 
Type domain.Event is not enhanced.

[2019-03-24 19:25:19 #7 type] 
Type domain.Registered is not enhanced.

[2019-03-24 19:25:19 #8 type] 
Type domain.Transaction is not enhanced.

[2019-03-24 19:25:19 #9 type] 
Type domain.Fee is not enhanced.

------------------------------------------------------------------------------------------------------------------------

[2019-03-24 19:41:42 #1 store] 
Database 'C:\Users\aitor\eclipse-workspace\2iterazioa(3)eztaka setresult.zip_expanded\2iteration\resources\bets.temp' is opened by 12980@Aitor

[2019-03-24 19:41:42 #2 type] 
Type domain.User is not enhanced.

[2019-03-24 19:41:42 #3 type] 
Type domain.Admin is not enhanced.

[2019-03-24 19:41:42 #4 type] 
Type domain.Worker is not enhanced.

[2019-03-24 19:41:42 #5 type] 
Type domain.Question is not enhanced.

[2019-03-24 19:41:42 #6 type] 
Type domain.Event is not enhanced.

[2019-03-24 19:41:42 #7 type] 
Type domain.Registered is not enhanced.

[2019-03-24 19:41:42 #8 type] 
Type domain.Transaction is not enhanced.

[2019-03-24 19:41:42 #9 type] 
Type domain.Fee is not enhanced.

------------------------------------------------------------------------------------------------------------------------

[2019-03-24 19:42:10 #1 store] 
Database 'C:\Users\aitor\eclipse-workspace\2iterazioa(3)eztaka setresult.zip_expanded\2iteration\resources\bets.temp' is opened by 1204@Aitor

[2019-03-24 19:42:10 #2 type] 
Type domain.User is not enhanced.

[2019-03-24 19:42:10 #3 type] 
Type domain.Admin is not enhanced.

[2019-03-24 19:42:10 #4 type] 
Type domain.Worker is not enhanced.

[2019-03-24 19:42:10 #5 type] 
Type domain.Question is not enhanced.

[2019-03-24 19:42:10 #6 type] 
Type domain.Event is not enhanced.

[2019-03-24 19:42:10 #7 type] 
Type domain.Registered is not enhanced.

[2019-03-24 19:42:10 #8 type] 
Type domain.Transaction is not enhanced.

[2019-03-24 19:42:10 #9 type] 
Type domain.Fee is not enhanced.

------------------------------------------------------------------------------------------------------------------------

[2019-03-24 19:43:33 #1 store] 
Database 'C:\Users\aitor\eclipse-workspace\2iterazioa(3)eztaka setresult.zip_expanded\2iteration\resources\bets.temp' is opened by 14064@Aitor

[2019-03-24 19:43:33 #2 type] 
Type domain.User is not enhanced.

[2019-03-24 19:43:33 #3 type] 
Type domain.Admin is not enhanced.

[2019-03-24 19:43:33 #4 type] 
Type domain.Worker is not enhanced.

[2019-03-24 19:43:33 #5 type] 
Type domain.Question is not enhanced.

[2019-03-24 19:43:33 #6 type] 
Type domain.Event is not enhanced.

[2019-03-24 19:43:33 #7 type] 
Type domain.Registered is not enhanced.

[2019-03-24 19:43:33 #8 type] 
Type domain.Transaction is not enhanced.

[2019-03-24 19:43:33 #9 type] 
Type domain.Fee is not enhanced.

------------------------------------------------------------------------------------------------------------------------

[2019-03-24 19:44:40 #1 store] 
Database 'C:\Users\aitor\eclipse-workspace\2iterazioa(3)eztaka setresult.zip_expanded\2iteration\resources\bets.temp' has been recovered (tr. 377-377)

[2019-03-24 19:44:40 #2 store] 
Database 'C:\Users\aitor\eclipse-workspace\2iterazioa(3)eztaka setresult.zip_expanded\2iteration\resources\bets.temp' is opened by 17344@Aitor

[2019-03-24 19:44:40 #3 type] 
Type domain.User is not enhanced.

[2019-03-24 19:44:40 #4 type] 
Type domain.Admin is not enhanced.

[2019-03-24 19:44:40 #5 type] 
Type domain.Worker is not enhanced.

[2019-03-24 19:44:40 #6 type] 
Type domain.Question is not enhanced.

[2019-03-24 19:44:40 #7 type] 
Type domain.Event is not enhanced.

[2019-03-24 19:44:40 #8 type] 
Type domain.Registered is not enhanced.

[2019-03-24 19:44:40 #9 type] 
Type domain.Transaction is not enhanced.

[2019-03-24 19:44:40 #10 type] 
Type domain.Fee is not enhanced.

------------------------------------------------------------------------------------------------------------------------

[2019-03-24 19:45:07 #1 store] 
Database 'C:\Users\aitor\eclipse-workspace\2iterazioa(3)eztaka setresult.zip_expanded\2iteration\resources\bets.temp' has been recovered (tr. 378-379)

[2019-03-24 19:45:07 #2 store] 
Database 'C:\Users\aitor\eclipse-workspace\2iterazioa(3)eztaka setresult.zip_expanded\2iteration\resources\bets.temp' is opened by 10056@Aitor

[2019-03-24 19:45:07 #3 type] 
Type domain.User is not enhanced.

[2019-03-24 19:45:07 #4 type] 
Type domain.Admin is not enhanced.

[2019-03-24 19:45:07 #5 type] 
Type domain.Worker is not enhanced.

[2019-03-24 19:45:07 #6 type] 
Type domain.Question is not enhanced.

[2019-03-24 19:45:07 #7 type] 
Type domain.Event is not enhanced.

[2019-03-24 19:45:07 #8 type] 
Type domain.Registered is not enhanced.

[2019-03-24 19:45:07 #9 type] 
Type domain.Transaction is not enhanced.

[2019-03-24 19:45:07 #10 type] 
Type domain.Fee is not enhanced.

------------------------------------------------------------------------------------------------------------------------

[2019-03-24 19:49:34 #1 store] 
Database 'C:\Users\aitor\eclipse-workspace\2iterazioa(3)eztaka setresult.zip_expanded\2iteration\resources\bets.temp' is opened by 10796@Aitor

[2019-03-24 19:49:35 #2 type] 
Type domain.User is not enhanced.

[2019-03-24 19:49:35 #3 type] 
Type domain.Admin is not enhanced.

[2019-03-24 19:49:35 #4 type] 
Type domain.Worker is not enhanced.

[2019-03-24 19:49:35 #5 type] 
Type domain.Question is not enhanced.

[2019-03-24 19:49:35 #6 type] 
Type domain.Event is not enhanced.

[2019-03-24 19:49:35 #7 type] 
Type domain.Registered is not enhanced.

[2019-03-24 19:49:35 #8 type] 
Type domain.Transaction is not enhanced.

[2019-03-24 19:49:35 #9 type] 
Type domain.Fee is not enhanced.

------------------------------------------------------------------------------------------------------------------------

[2019-03-24 19:56:29 #1 store] 
Database 'C:\Users\aitor\eclipse-workspace\2iterazioa(3)eztaka setresult.zip_expanded\2iteration\resources\bets.temp' is opened by 17456@Aitor

[2019-03-24 19:56:30 #2 type] 
Type domain.User is not enhanced.

[2019-03-24 19:56:30 #3 type] 
Type domain.Admin is not enhanced.

[2019-03-24 19:56:30 #4 type] 
Type domain.Worker is not enhanced.

[2019-03-24 19:56:30 #5 type] 
Type domain.Question is not enhanced.

[2019-03-24 19:56:30 #6 type] 
Type domain.Event is not enhanced.

[2019-03-24 19:56:30 #7 type] 
Type domain.Registered is not enhanced.

[2019-03-24 19:56:30 #8 type] 
Type domain.Transaction is not enhanced.

[2019-03-24 19:56:30 #9 type] 
Type domain.Fee is not enhanced.

------------------------------------------------------------------------------------------------------------------------

[2019-03-24 19:59:27 #1 store] 
Database 'C:\Users\aitor\eclipse-workspace\2iterazioa(3)eztaka setresult.zip_expanded\2iteration\resources\bets.temp' is opened by 14384@Aitor

[2019-03-24 19:59:27 #2 type] 
Type domain.User is not enhanced.

[2019-03-24 19:59:27 #3 type] 
Type domain.Admin is not enhanced.

[2019-03-24 19:59:27 #4 type] 
Type domain.Worker is not enhanced.

[2019-03-24 19:59:27 #5 type] 
Type domain.Question is not enhanced.

[2019-03-24 19:59:27 #6 type] 
Type domain.Event is not enhanced.

[2019-03-24 19:59:27 #7 type] 
Type domain.Registered is not enhanced.

[2019-03-24 19:59:27 #8 type] 
Type domain.Transaction is not enhanced.

[2019-03-24 19:59:27 #9 type] 
Type domain.Fee is not enhanced.

------------------------------------------------------------------------------------------------------------------------

[2019-03-24 20:03:20 #1 store] 
Database 'C:\Users\aitor\eclipse-workspace\2iterazioa(3)eztaka setresult.zip_expanded\2iteration\resources\bets.temp' is opened by 16236@Aitor

[2019-03-24 20:03:20 #2 type] 
Type domain.User is not enhanced.

[2019-03-24 20:03:20 #3 type] 
Type domain.Admin is not enhanced.

[2019-03-24 20:03:20 #4 type] 
Type domain.Worker is not enhanced.

[2019-03-24 20:03:20 #5 type] 
Type domain.Question is not enhanced.

[2019-03-24 20:03:20 #6 type] 
Type domain.Event is not enhanced.

[2019-03-24 20:03:20 #7 type] 
Type domain.Registered is not enhanced.

[2019-03-24 20:03:20 #8 type] 
Type domain.Transaction is not enhanced.

[2019-03-24 20:03:20 #9 type] 
Type domain.Fee is not enhanced.

------------------------------------------------------------------------------------------------------------------------

[2019-03-24 20:03:40 #1 store] 
Database 'C:\Users\aitor\eclipse-workspace\2iterazioa(3)eztaka setresult.zip_expanded\2iteration\resources\bets.temp' has been recovered (tr. 380-380)

[2019-03-24 20:03:40 #2 store] 
Database 'C:\Users\aitor\eclipse-workspace\2iterazioa(3)eztaka setresult.zip_expanded\2iteration\resources\bets.temp' is opened by 7076@Aitor

[2019-03-24 20:03:40 #3 type] 
Type domain.User is not enhanced.

[2019-03-24 20:03:40 #4 type] 
Type domain.Admin is not enhanced.

[2019-03-24 20:03:40 #5 type] 
Type domain.Worker is not enhanced.

[2019-03-24 20:03:40 #6 type] 
Type domain.Question is not enhanced.

[2019-03-24 20:03:40 #7 type] 
Type domain.Event is not enhanced.

[2019-03-24 20:03:40 #8 type] 
Type domain.Registered is not enhanced.

[2019-03-24 20:03:40 #9 type] 
Type domain.Transaction is not enhanced.

[2019-03-24 20:03:40 #10 type] 
Type domain.Fee is not enhanced.

------------------------------------------------------------------------------------------------------------------------

[2019-03-24 20:45:28 #1 store] 
Database 'C:\Users\aitor\eclipse-workspace\2iterazioa(3)eztaka setresult.zip_expanded\2iteration\resources\bets.temp' is opened by 16856@Aitor

[2019-03-24 20:45:28 #2 type] 
Type domain.User is not enhanced.

[2019-03-24 20:45:28 #3 type.registry] 
New type domain.Bet

[2019-03-24 20:45:28 #4 type.registry] 
New type java.util.Vector<domain.Bet>

[2019-03-24 20:45:28 #5 type] 
Type domain.Admin is not enhanced.

[2019-03-24 20:45:28 #6 type] 
Type domain.Worker is not enhanced.

[2019-03-24 20:45:28 #7 type] 
Type domain.Question is not enhanced.

[2019-03-24 20:45:28 #8 type] 
Type domain.Event is not enhanced.

[2019-03-24 20:45:28 #9 type] 
Type domain.Registered is not enhanced.

[2019-03-24 20:45:28 #10 type] 
Type domain.Transaction is not enhanced.

[2019-03-24 20:45:28 #11 type] 
Type domain.Fee is not enhanced.

[2019-03-24 20:45:28 #12 type] 
Type domain.Bet is not enhanced.

------------------------------------------------------------------------------------------------------------------------

[2019-03-24 20:45:59 #1 store] 
Database 'C:\Users\aitor\eclipse-workspace\2iterazioa(3)eztaka setresult.zip_expanded\2iteration\resources\bets.temp' has been recovered (tr. 381-381)

[2019-03-24 20:45:59 #2 store] 
Database 'C:\Users\aitor\eclipse-workspace\2iterazioa(3)eztaka setresult.zip_expanded\2iteration\resources\bets.temp' is opened by 11760@Aitor

[2019-03-24 20:45:59 #3 type] 
Type domain.User is not enhanced.

[2019-03-24 20:45:59 #4 type] 
Type domain.Admin is not enhanced.

[2019-03-24 20:45:59 #5 type] 
Type domain.Worker is not enhanced.

[2019-03-24 20:45:59 #6 type] 
Type domain.Question is not enhanced.

[2019-03-24 20:45:59 #7 type] 
Type domain.Event is not enhanced.

[2019-03-24 20:45:59 #8 type] 
Type domain.Registered is not enhanced.

[2019-03-24 20:45:59 #9 type] 
Type domain.Transaction is not enhanced.

[2019-03-24 20:45:59 #10 type] 
Type domain.Fee is not enhanced.

[2019-03-24 20:45:59 #11 type] 
Type domain.Bet is not enhanced.

------------------------------------------------------------------------------------------------------------------------

[2019-03-24 20:48:48 #1 store] 
Database 'C:\Users\aitor\eclipse-workspace\2iterazioa(3)eztaka setresult.zip_expanded\2iteration\resources\bets.temp' is opened by 7932@Aitor

[2019-03-24 20:48:48 #2 type] 
Type domain.User is not enhanced.

[2019-03-24 20:48:48 #3 type] 
Type domain.Admin is not enhanced.

[2019-03-24 20:48:48 #4 type] 
Type domain.Worker is not enhanced.

[2019-03-24 20:48:48 #5 type] 
Type domain.Question is not enhanced.

[2019-03-24 20:48:48 #6 type] 
Type domain.Event is not enhanced.

[2019-03-24 20:48:48 #7 type] 
Type domain.Registered is not enhanced.

[2019-03-24 20:48:48 #8 type] 
Type domain.Transaction is not enhanced.

[2019-03-24 20:48:48 #9 type] 
Type domain.Fee is not enhanced.

[2019-03-24 20:48:48 #10 type] 
Type domain.Bet is not enhanced.

------------------------------------------------------------------------------------------------------------------------

[2019-03-24 20:49:43 #1 store] 
Database 'C:\Users\aitor\eclipse-workspace\2iterazioa(3)eztaka setresult.zip_expanded\2iteration\resources\bets.temp' is opened by 4920@Aitor

[2019-03-24 20:49:43 #2 type] 
Type domain.User is not enhanced.

[2019-03-24 20:49:43 #3 type] 
Type domain.Admin is not enhanced.

[2019-03-24 20:49:43 #4 type] 
Type domain.Worker is not enhanced.

[2019-03-24 20:49:43 #5 type] 
Type domain.Question is not enhanced.

[2019-03-24 20:49:43 #6 type] 
Type domain.Event is not enhanced.

[2019-03-24 20:49:43 #7 type] 
Type domain.Registered is not enhanced.

[2019-03-24 20:49:43 #8 type] 
Type domain.Transaction is not enhanced.

[2019-03-24 20:49:43 #9 type] 
Type domain.Fee is not enhanced.

[2019-03-24 20:49:43 #10 type] 
Type domain.Bet is not enhanced.

------------------------------------------------------------------------------------------------------------------------

[2019-03-24 20:50:17 #1 store] 
Database 'C:\Users\aitor\eclipse-workspace\2iterazioa(3)eztaka setresult.zip_expanded\2iteration\resources\bets.temp' is opened by 6340@Aitor

[2019-03-24 20:50:17 #2 type] 
Type domain.User is not enhanced.

[2019-03-24 20:50:17 #3 type] 
Type domain.Admin is not enhanced.

[2019-03-24 20:50:17 #4 type] 
Type domain.Worker is not enhanced.

[2019-03-24 20:50:17 #5 type] 
Type domain.Question is not enhanced.

[2019-03-24 20:50:17 #6 type] 
Type domain.Event is not enhanced.

[2019-03-24 20:50:17 #7 type] 
Type domain.Registered is not enhanced.

[2019-03-24 20:50:17 #8 type] 
Type domain.Transaction is not enhanced.

[2019-03-24 20:50:17 #9 type] 
Type domain.Fee is not enhanced.

[2019-03-24 20:50:17 #10 type] 
Type domain.Bet is not enhanced.

------------------------------------------------------------------------------------------------------------------------

[2019-03-24 20:50:43 #1 store] 
Database 'C:\Users\aitor\eclipse-workspace\2iterazioa(3)eztaka setresult.zip_expanded\2iteration\resources\bets.temp' has been recovered (tr. 382-382)

[2019-03-24 20:50:43 #2 store] 
Database 'C:\Users\aitor\eclipse-workspace\2iterazioa(3)eztaka setresult.zip_expanded\2iteration\resources\bets.temp' is opened by 904@Aitor

[2019-03-24 20:50:43 #3 type] 
Type domain.User is not enhanced.

[2019-03-24 20:50:43 #4 type] 
Type domain.Admin is not enhanced.

[2019-03-24 20:50:43 #5 type] 
Type domain.Worker is not enhanced.

[2019-03-24 20:50:43 #6 type] 
Type domain.Question is not enhanced.

[2019-03-24 20:50:43 #7 type] 
Type domain.Event is not enhanced.

[2019-03-24 20:50:43 #8 type] 
Type domain.Registered is not enhanced.

[2019-03-24 20:50:43 #9 type] 
Type domain.Transaction is not enhanced.

[2019-03-24 20:50:43 #10 type] 
Type domain.Fee is not enhanced.

[2019-03-24 20:50:43 #11 type] 
Type domain.Bet is not enhanced.

------------------------------------------------------------------------------------------------------------------------

[2019-03-24 20:53:26 #1 store] 
Database 'C:\Users\aitor\eclipse-workspace\2iterazioa(3)eztaka setresult.zip_expanded\2iteration\resources\bets.temp' is opened by 13340@Aitor

[2019-03-24 20:53:26 #2 type] 
Type domain.User is not enhanced.

[2019-03-24 20:53:26 #3 type] 
Type domain.Admin is not enhanced.

[2019-03-24 20:53:26 #4 type] 
Type domain.Worker is not enhanced.

[2019-03-24 20:53:26 #5 type] 
Type domain.Question is not enhanced.

[2019-03-24 20:53:26 #6 type] 
Type domain.Event is not enhanced.

[2019-03-24 20:53:26 #7 type] 
Type domain.Registered is not enhanced.

[2019-03-24 20:53:26 #8 type] 
Type domain.Transaction is not enhanced.

[2019-03-24 20:53:26 #9 type] 
Type domain.Fee is not enhanced.

[2019-03-24 20:53:26 #10 type] 
Type domain.Bet is not enhanced.

------------------------------------------------------------------------------------------------------------------------

[2019-03-24 20:54:46 #1 store] 
Database 'C:\Users\aitor\eclipse-workspace\2iterazioa(3)eztaka setresult.zip_expanded\2iteration\resources\bets.temp' is opened by 18344@Aitor

[2019-03-24 20:54:46 #2 type] 
Type domain.User is not enhanced.

[2019-03-24 20:54:46 #3 type] 
Type domain.Admin is not enhanced.

[2019-03-24 20:54:46 #4 type] 
Type domain.Worker is not enhanced.

[2019-03-24 20:54:46 #5 type] 
Type domain.Question is not enhanced.

[2019-03-24 20:54:46 #6 type] 
Type domain.Event is not enhanced.

[2019-03-24 20:54:46 #7 type] 
Type domain.Registered is not enhanced.

[2019-03-24 20:54:46 #8 type] 
Type domain.Transaction is not enhanced.

[2019-03-24 20:54:46 #9 type] 
Type domain.Fee is not enhanced.

[2019-03-24 20:54:46 #10 type] 
Type domain.Bet is not enhanced.

------------------------------------------------------------------------------------------------------------------------

[2019-03-24 20:56:09 #1 store] 
Database 'C:\Users\aitor\eclipse-workspace\2iterazioa(3)eztaka setresult.zip_expanded\2iteration\resources\bets.temp' is opened by 13716@Aitor

[2019-03-24 20:56:09 #2 type] 
Type domain.User is not enhanced.

[2019-03-24 20:56:09 #3 type] 
Type domain.Admin is not enhanced.

[2019-03-24 20:56:09 #4 type] 
Type domain.Worker is not enhanced.

[2019-03-24 20:56:09 #5 type] 
Type domain.Question is not enhanced.

[2019-03-24 20:56:09 #6 type] 
Type domain.Event is not enhanced.

[2019-03-24 20:56:09 #7 type] 
Type domain.Registered is not enhanced.

[2019-03-24 20:56:09 #8 type] 
Type domain.Transaction is not enhanced.

[2019-03-24 20:56:09 #9 type] 
Type domain.Fee is not enhanced.

[2019-03-24 20:56:09 #10 type] 
Type domain.Bet is not enhanced.

------------------------------------------------------------------------------------------------------------------------

[2019-03-24 20:59:15 #1 store] 
Database 'C:\Users\aitor\eclipse-workspace\2iterazioa(3)eztaka setresult.zip_expanded\2iteration\resources\bets.temp' is opened by 4212@Aitor

[2019-03-24 20:59:15 #2 type] 
Type domain.User is not enhanced.

[2019-03-24 20:59:15 #3 type] 
Type domain.Admin is not enhanced.

[2019-03-24 20:59:15 #4 type] 
Type domain.Worker is not enhanced.

[2019-03-24 20:59:15 #5 type] 
Type domain.Question is not enhanced.

[2019-03-24 20:59:15 #6 type] 
Type domain.Event is not enhanced.

[2019-03-24 20:59:15 #7 type] 
Type domain.Registered is not enhanced.

[2019-03-24 20:59:15 #8 type] 
Type domain.Transaction is not enhanced.

[2019-03-24 20:59:15 #9 type] 
Type domain.Fee is not enhanced.

[2019-03-24 20:59:15 #10 type] 
Type domain.Bet is not enhanced.

------------------------------------------------------------------------------------------------------------------------

[2019-03-24 21:01:41 #1 store] 
Database 'C:\Users\aitor\eclipse-workspace\2iterazioa(3)eztaka setresult.zip_expanded\2iteration\resources\bets.temp' is opened by 1804@Aitor

[2019-03-24 21:01:41 #2 type] 
Type domain.User is not enhanced.

[2019-03-24 21:01:41 #3 type] 
Type domain.Admin is not enhanced.

[2019-03-24 21:01:41 #4 type] 
Type domain.Worker is not enhanced.

[2019-03-24 21:01:41 #5 type] 
Type domain.Question is not enhanced.

[2019-03-24 21:01:41 #6 type] 
Type domain.Event is not enhanced.

[2019-03-24 21:01:41 #7 type] 
Type domain.Registered is not enhanced.

[2019-03-24 21:01:41 #8 type] 
Type domain.Transaction is not enhanced.

[2019-03-24 21:01:41 #9 type] 
Type domain.Fee is not enhanced.

[2019-03-24 21:01:41 #10 type] 
Type domain.Bet is not enhanced.

------------------------------------------------------------------------------------------------------------------------

[2019-03-24 21:02:06 #1 store] 
Database 'C:\Users\aitor\eclipse-workspace\2iterazioa(3)eztaka setresult.zip_expanded\2iteration\resources\bets.temp' is opened by 14812@Aitor

[2019-03-24 21:02:06 #2 type] 
Type domain.User is not enhanced.

[2019-03-24 21:02:06 #3 type] 
Type domain.Admin is not enhanced.

[2019-03-24 21:02:06 #4 type] 
Type domain.Worker is not enhanced.

[2019-03-24 21:02:06 #5 type] 
Type domain.Question is not enhanced.

[2019-03-24 21:02:06 #6 type] 
Type domain.Event is not enhanced.

[2019-03-24 21:02:06 #7 type] 
Type domain.Registered is not enhanced.

[2019-03-24 21:02:06 #8 type] 
Type domain.Transaction is not enhanced.

[2019-03-24 21:02:06 #9 type] 
Type domain.Fee is not enhanced.

[2019-03-24 21:02:06 #10 type] 
Type domain.Bet is not enhanced.

------------------------------------------------------------------------------------------------------------------------

[2019-03-24 21:02:17 #1 store] 
Database 'C:\Users\aitor\eclipse-workspace\2iterazioa(3)eztaka setresult.zip_expanded\2iteration\resources\bets.temp' is opened by 8132@Aitor

[2019-03-24 21:02:17 #2 type] 
Type domain.User is not enhanced.

[2019-03-24 21:02:17 #3 type] 
Type domain.Admin is not enhanced.

[2019-03-24 21:02:17 #4 type] 
Type domain.Worker is not enhanced.

[2019-03-24 21:02:17 #5 type] 
Type domain.Question is not enhanced.

[2019-03-24 21:02:17 #6 type] 
Type domain.Event is not enhanced.

[2019-03-24 21:02:17 #7 type] 
Type domain.Registered is not enhanced.

[2019-03-24 21:02:17 #8 type] 
Type domain.Transaction is not enhanced.

[2019-03-24 21:02:17 #9 type] 
Type domain.Fee is not enhanced.

[2019-03-24 21:02:17 #10 type] 
Type domain.Bet is not enhanced.

------------------------------------------------------------------------------------------------------------------------

[2019-03-24 21:02:33 #1 store] 
Database 'C:\Users\aitor\eclipse-workspace\2iterazioa(3)eztaka setresult.zip_expanded\2iteration\resources\bets.temp' has been recovered (tr. 383-386)

[2019-03-24 21:02:33 #2 store] 
Database 'C:\Users\aitor\eclipse-workspace\2iterazioa(3)eztaka setresult.zip_expanded\2iteration\resources\bets.temp' is opened by 17396@Aitor

[2019-03-24 21:02:33 #3 type] 
Type domain.User is not enhanced.

[2019-03-24 21:02:33 #4 type] 
Type domain.Admin is not enhanced.

[2019-03-24 21:02:33 #5 type] 
Type domain.Worker is not enhanced.

[2019-03-24 21:02:33 #6 type] 
Type domain.Question is not enhanced.

[2019-03-24 21:02:33 #7 type] 
Type domain.Event is not enhanced.

[2019-03-24 21:02:33 #8 type] 
Type domain.Registered is not enhanced.

[2019-03-24 21:02:33 #9 type] 
Type domain.Transaction is not enhanced.

[2019-03-24 21:02:33 #10 type] 
Type domain.Fee is not enhanced.

[2019-03-24 21:02:33 #11 type] 
Type domain.Bet is not enhanced.

------------------------------------------------------------------------------------------------------------------------

[2019-03-24 21:02:45 #1 store] 
Database 'C:\Users\aitor\eclipse-workspace\2iterazioa(3)eztaka setresult.zip_expanded\2iteration\resources\bets.temp' is opened by 9728@Aitor

[2019-03-24 21:02:45 #2 type] 
Type domain.User is not enhanced.

[2019-03-24 21:02:45 #3 type] 
Type domain.Admin is not enhanced.

[2019-03-24 21:02:45 #4 type] 
Type domain.Worker is not enhanced.

[2019-03-24 21:02:45 #5 type] 
Type domain.Question is not enhanced.

[2019-03-24 21:02:45 #6 type] 
Type domain.Event is not enhanced.

[2019-03-24 21:02:45 #7 type] 
Type domain.Registered is not enhanced.

[2019-03-24 21:02:45 #8 type] 
Type domain.Transaction is not enhanced.

[2019-03-24 21:02:45 #9 type] 
Type domain.Fee is not enhanced.

[2019-03-24 21:02:45 #10 type] 
Type domain.Bet is not enhanced.

------------------------------------------------------------------------------------------------------------------------

[2019-03-24 21:03:39 #1 store] 
Database 'C:\Users\aitor\eclipse-workspace\2iterazioa(3)eztaka setresult.zip_expanded\2iteration\resources\bets.temp' is opened by 13508@Aitor

[2019-03-24 21:03:39 #2 type] 
Type domain.User is not enhanced.

[2019-03-24 21:03:39 #3 type] 
Type domain.Admin is not enhanced.

[2019-03-24 21:03:39 #4 type] 
Type domain.Worker is not enhanced.

[2019-03-24 21:03:39 #5 type] 
Type domain.Question is not enhanced.

[2019-03-24 21:03:39 #6 type] 
Type domain.Event is not enhanced.

[2019-03-24 21:03:39 #7 type] 
Type domain.Registered is not enhanced.

[2019-03-24 21:03:39 #8 type] 
Type domain.Transaction is not enhanced.

[2019-03-24 21:03:39 #9 type] 
Type domain.Fee is not enhanced.

[2019-03-24 21:03:39 #10 type] 
Type domain.Bet is not enhanced.

------------------------------------------------------------------------------------------------------------------------

[2019-03-24 21:06:41 #1 store] 
Database 'C:\Users\aitor\eclipse-workspace\2iterazioa(3)eztaka setresult.zip_expanded\2iteration\resources\bets.temp' is opened by 8000@Aitor

[2019-03-24 21:06:41 #2 type] 
Type domain.User is not enhanced.

[2019-03-24 21:06:41 #3 type] 
Type domain.Admin is not enhanced.

[2019-03-24 21:06:41 #4 type] 
Type domain.Worker is not enhanced.

[2019-03-24 21:06:41 #5 type] 
Type domain.Question is not enhanced.

[2019-03-24 21:06:41 #6 type] 
Type domain.Event is not enhanced.

[2019-03-24 21:06:41 #7 type] 
Type domain.Registered is not enhanced.

[2019-03-24 21:06:41 #8 type] 
Type domain.Transaction is not enhanced.

[2019-03-24 21:06:41 #9 type] 
Type domain.Fee is not enhanced.

[2019-03-24 21:06:41 #10 type] 
Type domain.Bet is not enhanced.

------------------------------------------------------------------------------------------------------------------------

[2019-03-24 21:07:01 #1 store] 
Database 'C:\Users\aitor\eclipse-workspace\2iterazioa(3)eztaka setresult.zip_expanded\2iteration\resources\bets.temp' has been recovered (tr. 387-387)

[2019-03-24 21:07:01 #2 store] 
Database 'C:\Users\aitor\eclipse-workspace\2iterazioa(3)eztaka setresult.zip_expanded\2iteration\resources\bets.temp' is opened by 13244@Aitor

[2019-03-24 21:07:02 #3 type] 
Type domain.User is not enhanced.

[2019-03-24 21:07:02 #4 type] 
Type domain.Admin is not enhanced.

[2019-03-24 21:07:02 #5 type] 
Type domain.Worker is not enhanced.

[2019-03-24 21:07:02 #6 type] 
Type domain.Question is not enhanced.

[2019-03-24 21:07:02 #7 type] 
Type domain.Event is not enhanced.

[2019-03-24 21:07:02 #8 type] 
Type domain.Registered is not enhanced.

[2019-03-24 21:07:02 #9 type] 
Type domain.Transaction is not enhanced.

[2019-03-24 21:07:02 #10 type] 
Type domain.Fee is not enhanced.

[2019-03-24 21:07:02 #11 type] 
Type domain.Bet is not enhanced.

------------------------------------------------------------------------------------------------------------------------

[2019-03-24 21:07:18 #1 store] 
Database 'C:\Users\aitor\eclipse-workspace\2iterazioa(3)eztaka setresult.zip_expanded\2iteration\resources\bets.temp' is opened by 11232@Aitor

[2019-03-24 21:07:18 #2 type] 
Type domain.User is not enhanced.

[2019-03-24 21:07:18 #3 type] 
Type domain.Admin is not enhanced.

[2019-03-24 21:07:18 #4 type] 
Type domain.Worker is not enhanced.

[2019-03-24 21:07:18 #5 type] 
Type domain.Question is not enhanced.

[2019-03-24 21:07:18 #6 type] 
Type domain.Event is not enhanced.

[2019-03-24 21:07:18 #7 type] 
Type domain.Registered is not enhanced.

[2019-03-24 21:07:18 #8 type] 
Type domain.Transaction is not enhanced.

[2019-03-24 21:07:18 #9 type] 
Type domain.Fee is not enhanced.

[2019-03-24 21:07:18 #10 type] 
Type domain.Bet is not enhanced.

------------------------------------------------------------------------------------------------------------------------

[2019-03-24 21:08:01 #1 store] 
Database 'C:\Users\aitor\eclipse-workspace\2iterazioa(3)eztaka setresult.zip_expanded\2iteration\resources\bets.temp' has been recovered (tr. 388-389)

[2019-03-24 21:08:01 #2 store] 
Database 'C:\Users\aitor\eclipse-workspace\2iterazioa(3)eztaka setresult.zip_expanded\2iteration\resources\bets.temp' is opened by 16796@Aitor

[2019-03-24 21:08:01 #3 type] 
Type domain.User is not enhanced.

[2019-03-24 21:08:01 #4 type] 
Type domain.Admin is not enhanced.

[2019-03-24 21:08:01 #5 type] 
Type domain.Worker is not enhanced.

[2019-03-24 21:08:01 #6 type] 
Type domain.Question is not enhanced.

[2019-03-24 21:08:01 #7 type] 
Type domain.Event is not enhanced.

[2019-03-24 21:08:01 #8 type] 
Type domain.Registered is not enhanced.

[2019-03-24 21:08:01 #9 type] 
Type domain.Transaction is not enhanced.

[2019-03-24 21:08:01 #10 type] 
Type domain.Fee is not enhanced.

[2019-03-24 21:08:01 #11 type] 
Type domain.Bet is not enhanced.

------------------------------------------------------------------------------------------------------------------------

[2019-03-24 21:09:22 #1 store] 
Database 'C:\Users\aitor\eclipse-workspace\2iterazioa(3)eztaka setresult.zip_expanded\2iteration\resources\bets.temp' has been recovered (tr. 390-390)

[2019-03-24 21:09:22 #2 store] 
Database 'C:\Users\aitor\eclipse-workspace\2iterazioa(3)eztaka setresult.zip_expanded\2iteration\resources\bets.temp' is opened by 7616@Aitor

[2019-03-24 21:09:22 #3 type] 
Type domain.User is not enhanced.

[2019-03-24 21:09:22 #4 type] 
Type domain.Admin is not enhanced.

[2019-03-24 21:09:22 #5 type] 
Type domain.Worker is not enhanced.

[2019-03-24 21:09:22 #6 type] 
Type domain.Question is not enhanced.

[2019-03-24 21:09:22 #7 type] 
Type domain.Event is not enhanced.

[2019-03-24 21:09:22 #8 type] 
Type domain.Registered is not enhanced.

[2019-03-24 21:09:22 #9 type] 
Type domain.Transaction is not enhanced.

[2019-03-24 21:09:22 #10 type] 
Type domain.Fee is not enhanced.

[2019-03-24 21:09:22 #11 type] 
Type domain.Bet is not enhanced.

------------------------------------------------------------------------------------------------------------------------

[2019-03-24 21:10:13 #1 store] 
Database 'C:\Users\aitor\eclipse-workspace\2iterazioa(3)eztaka setresult.zip_expanded\2iteration\resources\bets.temp' is opened by 14576@Aitor

[2019-03-24 21:10:13 #2 type] 
Type domain.User is not enhanced.

[2019-03-24 21:10:13 #3 type] 
Type domain.Admin is not enhanced.

[2019-03-24 21:10:13 #4 type] 
Type domain.Worker is not enhanced.

[2019-03-24 21:10:13 #5 type] 
Type domain.Question is not enhanced.

[2019-03-24 21:10:13 #6 type] 
Type domain.Event is not enhanced.

[2019-03-24 21:10:13 #7 type] 
Type domain.Registered is not enhanced.

[2019-03-24 21:10:13 #8 type] 
Type domain.Transaction is not enhanced.

[2019-03-24 21:10:13 #9 type] 
Type domain.Fee is not enhanced.

[2019-03-24 21:10:13 #10 type] 
Type domain.Bet is not enhanced.

------------------------------------------------------------------------------------------------------------------------

[2019-03-24 21:10:46 #1 store] 
Database 'C:\Users\aitor\eclipse-workspace\2iterazioa(3)eztaka setresult.zip_expanded\2iteration\resources\bets.temp' is opened by 10048@Aitor

[2019-03-24 21:10:46 #2 type] 
Type domain.User is not enhanced.

[2019-03-24 21:10:46 #3 type] 
Type domain.Admin is not enhanced.

[2019-03-24 21:10:46 #4 type] 
Type domain.Worker is not enhanced.

[2019-03-24 21:10:46 #5 type] 
Type domain.Question is not enhanced.

[2019-03-24 21:10:46 #6 type] 
Type domain.Event is not enhanced.

[2019-03-24 21:10:46 #7 type] 
Type domain.Registered is not enhanced.

[2019-03-24 21:10:46 #8 type] 
Type domain.Transaction is not enhanced.

[2019-03-24 21:10:46 #9 type] 
Type domain.Fee is not enhanced.

[2019-03-24 21:10:46 #10 type] 
Type domain.Bet is not enhanced.

------------------------------------------------------------------------------------------------------------------------

[2019-03-24 21:11:16 #1 store] 
Database 'C:\Users\aitor\eclipse-workspace\2iterazioa(3)eztaka setresult.zip_expanded\2iteration\resources\bets.temp' is opened by 14848@Aitor

[2019-03-24 21:11:16 #2 type] 
Type domain.User is not enhanced.

[2019-03-24 21:11:16 #3 type] 
Type domain.Admin is not enhanced.

[2019-03-24 21:11:16 #4 type] 
Type domain.Worker is not enhanced.

[2019-03-24 21:11:16 #5 type] 
Type domain.Question is not enhanced.

[2019-03-24 21:11:16 #6 type] 
Type domain.Event is not enhanced.

[2019-03-24 21:11:16 #7 type] 
Type domain.Registered is not enhanced.

[2019-03-24 21:11:16 #8 type] 
Type domain.Transaction is not enhanced.

[2019-03-24 21:11:16 #9 type] 
Type domain.Fee is not enhanced.

[2019-03-24 21:11:16 #10 type] 
Type domain.Bet is not enhanced.

------------------------------------------------------------------------------------------------------------------------

[2019-03-24 21:12:40 #1 store] 
Database 'C:\Users\aitor\eclipse-workspace\2iterazioa(3)eztaka setresult.zip_expanded\2iteration\resources\bets.temp' has been recovered (tr. 391-396)

[2019-03-24 21:12:40 #2 store] 
Database 'C:\Users\aitor\eclipse-workspace\2iterazioa(3)eztaka setresult.zip_expanded\2iteration\resources\bets.temp' is opened by 8508@Aitor

[2019-03-24 21:12:40 #3 type] 
Type domain.User is not enhanced.

[2019-03-24 21:12:40 #4 type] 
Type domain.Admin is not enhanced.

[2019-03-24 21:12:40 #5 type] 
Type domain.Worker is not enhanced.

[2019-03-24 21:12:40 #6 type] 
Type domain.Question is not enhanced.

[2019-03-24 21:12:40 #7 type] 
Type domain.Event is not enhanced.

[2019-03-24 21:12:40 #8 type] 
Type domain.Registered is not enhanced.

[2019-03-24 21:12:40 #9 type] 
Type domain.Transaction is not enhanced.

[2019-03-24 21:12:40 #10 type] 
Type domain.Fee is not enhanced.

[2019-03-24 21:12:40 #11 type] 
Type domain.Bet is not enhanced.

------------------------------------------------------------------------------------------------------------------------

[2019-03-24 21:13:21 #1 store] 
Database 'C:\Users\aitor\eclipse-workspace\2iterazioa(3)eztaka setresult.zip_expanded\2iteration\resources\bets.temp' is opened by 13632@Aitor

[2019-03-24 21:13:21 #2 type] 
Type domain.User is not enhanced.

[2019-03-24 21:13:21 #3 type] 
Type domain.Admin is not enhanced.

[2019-03-24 21:13:21 #4 type] 
Type domain.Worker is not enhanced.

[2019-03-24 21:13:21 #5 type] 
Type domain.Question is not enhanced.

[2019-03-24 21:13:21 #6 type] 
Type domain.Event is not enhanced.

[2019-03-24 21:13:21 #7 type] 
Type domain.Registered is not enhanced.

[2019-03-24 21:13:21 #8 type] 
Type domain.Transaction is not enhanced.

[2019-03-24 21:13:21 #9 type] 
Type domain.Fee is not enhanced.

[2019-03-24 21:13:21 #10 type] 
Type domain.Bet is not enhanced.

------------------------------------------------------------------------------------------------------------------------

[2019-03-24 21:14:30 #1 store] 
Database 'C:\Users\aitor\eclipse-workspace\2iterazioa(3)eztaka setresult.zip_expanded\2iteration\resources\bets.temp' has been recovered (tr. 397-402)

[2019-03-24 21:14:30 #2 store] 
Database 'C:\Users\aitor\eclipse-workspace\2iterazioa(3)eztaka setresult.zip_expanded\2iteration\resources\bets.temp' is opened by 12764@Aitor

[2019-03-24 21:14:30 #3 type] 
Type domain.User is not enhanced.

[2019-03-24 21:14:30 #4 type] 
Type domain.Admin is not enhanced.

[2019-03-24 21:14:30 #5 type] 
Type domain.Worker is not enhanced.

[2019-03-24 21:14:30 #6 type] 
Type domain.Question is not enhanced.

[2019-03-24 21:14:30 #7 type] 
Type domain.Event is not enhanced.

[2019-03-24 21:14:30 #8 type] 
Type domain.Registered is not enhanced.

[2019-03-24 21:14:30 #9 type] 
Type domain.Transaction is not enhanced.

[2019-03-24 21:14:30 #10 type] 
Type domain.Fee is not enhanced.

[2019-03-24 21:14:30 #11 type] 
Type domain.Bet is not enhanced.

------------------------------------------------------------------------------------------------------------------------

[2019-03-24 21:14:46 #1 store] 
Database 'C:\Users\aitor\eclipse-workspace\2iterazioa(3)eztaka setresult.zip_expanded\2iteration\resources\bets.temp' has been recovered (tr. 403-405)

[2019-03-24 21:14:46 #2 store] 
Database 'C:\Users\aitor\eclipse-workspace\2iterazioa(3)eztaka setresult.zip_expanded\2iteration\resources\bets.temp' is opened by 17656@Aitor

[2019-03-24 21:14:46 #3 type] 
Type domain.User is not enhanced.

[2019-03-24 21:14:46 #4 type] 
Type domain.Admin is not enhanced.

[2019-03-24 21:14:46 #5 type] 
Type domain.Worker is not enhanced.

[2019-03-24 21:14:46 #6 type] 
Type domain.Question is not enhanced.

[2019-03-24 21:14:46 #7 type] 
Type domain.Event is not enhanced.

[2019-03-24 21:14:46 #8 type] 
Type domain.Registered is not enhanced.

[2019-03-24 21:14:46 #9 type] 
Type domain.Transaction is not enhanced.

[2019-03-24 21:14:46 #10 type] 
Type domain.Fee is not enhanced.

[2019-03-24 21:14:46 #11 type] 
Type domain.Bet is not enhanced.

------------------------------------------------------------------------------------------------------------------------

[2019-03-24 21:21:29 #1 store] 
Database 'C:\Users\aitor\eclipse-workspace\2iterazioa(3)eztaka setresult.zip_expanded\2iteration\resources\bets.temp' is opened by 11584@Aitor

[2019-03-24 21:21:29 #2 type] 
Type domain.User is not enhanced.

[2019-03-24 21:21:29 #3 type] 
Type domain.Admin is not enhanced.

[2019-03-24 21:21:29 #4 type] 
Type domain.Worker is not enhanced.

[2019-03-24 21:21:29 #5 type] 
Type domain.Question is not enhanced.

[2019-03-24 21:21:29 #6 type] 
Type domain.Event is not enhanced.

[2019-03-24 21:21:29 #7 type] 
Type domain.Registered is not enhanced.

[2019-03-24 21:21:29 #8 type] 
Type domain.Transaction is not enhanced.

[2019-03-24 21:21:29 #9 type] 
Type domain.Fee is not enhanced.

[2019-03-24 21:21:29 #10 type] 
Type domain.Bet is not enhanced.

------------------------------------------------------------------------------------------------------------------------

[2019-03-24 21:23:38 #1 store] 
Database 'C:\Users\aitor\eclipse-workspace\2iterazioa(3)eztaka setresult.zip_expanded\2iteration\resources\bets.temp' is opened by 4512@Aitor

[2019-03-24 21:23:38 #2 type] 
Type domain.User is not enhanced.

[2019-03-24 21:23:38 #3 type] 
Type domain.Admin is not enhanced.

[2019-03-24 21:23:38 #4 type] 
Type domain.Worker is not enhanced.

[2019-03-24 21:23:38 #5 type] 
Type domain.Question is not enhanced.

[2019-03-24 21:23:38 #6 type] 
Type domain.Event is not enhanced.

[2019-03-24 21:23:38 #7 type] 
Type domain.Registered is not enhanced.

[2019-03-24 21:23:38 #8 type] 
Type domain.Transaction is not enhanced.

[2019-03-24 21:23:38 #9 type] 
Type domain.Fee is not enhanced.

[2019-03-24 21:23:38 #10 type] 
Type domain.Bet is not enhanced.

------------------------------------------------------------------------------------------------------------------------

[2019-03-24 21:24:07 #1 store] 
Database 'C:\Users\aitor\eclipse-workspace\2iterazioa(3)eztaka setresult.zip_expanded\2iteration\resources\bets.temp' has been recovered (tr. 406-417)

[2019-03-24 21:24:07 #2 store] 
Database 'C:\Users\aitor\eclipse-workspace\2iterazioa(3)eztaka setresult.zip_expanded\2iteration\resources\bets.temp' is opened by 11396@Aitor

[2019-03-24 21:24:07 #3 type] 
Type domain.User is not enhanced.

[2019-03-24 21:24:07 #4 type] 
Type domain.Admin is not enhanced.

[2019-03-24 21:24:07 #5 type] 
Type domain.Worker is not enhanced.

[2019-03-24 21:24:07 #6 type] 
Type domain.Question is not enhanced.

[2019-03-24 21:24:07 #7 type] 
Type domain.Event is not enhanced.

[2019-03-24 21:24:07 #8 type] 
Type domain.Registered is not enhanced.

[2019-03-24 21:24:07 #9 type] 
Type domain.Transaction is not enhanced.

[2019-03-24 21:24:07 #10 type] 
Type domain.Fee is not enhanced.

[2019-03-24 21:24:07 #11 type] 
Type domain.Bet is not enhanced.

------------------------------------------------------------------------------------------------------------------------

[2019-03-24 21:25:40 #1 store] 
Database 'C:\Users\aitor\eclipse-workspace\2iterazioa(3)eztaka setresult.zip_expanded\2iteration\resources\bets.temp' is opened by 13776@Aitor

[2019-03-24 21:25:40 #2 type] 
Type domain.User is not enhanced.

[2019-03-24 21:25:40 #3 type] 
Type domain.Admin is not enhanced.

[2019-03-24 21:25:40 #4 type] 
Type domain.Worker is not enhanced.

[2019-03-24 21:25:41 #5 type] 
Type domain.Question is not enhanced.

[2019-03-24 21:25:41 #6 type] 
Type domain.Event is not enhanced.

[2019-03-24 21:25:41 #7 type] 
Type domain.Registered is not enhanced.

[2019-03-24 21:25:41 #8 type] 
Type domain.Transaction is not enhanced.

[2019-03-24 21:25:41 #9 type] 
Type domain.Fee is not enhanced.

[2019-03-24 21:25:41 #10 type] 
Type domain.Bet is not enhanced.

------------------------------------------------------------------------------------------------------------------------

[2019-03-24 21:26:49 #1 store] 
Database 'C:\Users\aitor\eclipse-workspace\2iterazioa(3)eztaka setresult.zip_expanded\2iteration\resources\bets.temp' is opened by 7904@Aitor

[2019-03-24 21:26:49 #2 type] 
Type domain.User is not enhanced.

[2019-03-24 21:26:49 #3 type] 
Type domain.Admin is not enhanced.

[2019-03-24 21:26:49 #4 type] 
Type domain.Worker is not enhanced.

[2019-03-24 21:26:49 #5 type] 
Type domain.Question is not enhanced.

[2019-03-24 21:26:49 #6 type] 
Type domain.Event is not enhanced.

[2019-03-24 21:26:49 #7 type] 
Type domain.Registered is not enhanced.

[2019-03-24 21:26:49 #8 type] 
Type domain.Transaction is not enhanced.

[2019-03-24 21:26:49 #9 type] 
Type domain.Fee is not enhanced.

[2019-03-24 21:26:49 #10 type] 
Type domain.Bet is not enhanced.

------------------------------------------------------------------------------------------------------------------------

[2019-03-24 21:27:19 #1 store] 
Database 'C:\Users\aitor\eclipse-workspace\2iterazioa(3)eztaka setresult.zip_expanded\2iteration\resources\bets.temp' has been recovered (tr. 418-418)

[2019-03-24 21:27:19 #2 store] 
Database 'C:\Users\aitor\eclipse-workspace\2iterazioa(3)eztaka setresult.zip_expanded\2iteration\resources\bets.temp' is opened by 10388@Aitor

[2019-03-24 21:27:19 #3 type] 
Type domain.User is not enhanced.

[2019-03-24 21:27:19 #4 type] 
Type domain.Admin is not enhanced.

[2019-03-24 21:27:19 #5 type] 
Type domain.Worker is not enhanced.

[2019-03-24 21:27:19 #6 type] 
Type domain.Question is not enhanced.

[2019-03-24 21:27:19 #7 type] 
Type domain.Event is not enhanced.

[2019-03-24 21:27:19 #8 type] 
Type domain.Registered is not enhanced.

[2019-03-24 21:27:19 #9 type] 
Type domain.Transaction is not enhanced.

[2019-03-24 21:27:19 #10 type] 
Type domain.Fee is not enhanced.

[2019-03-24 21:27:19 #11 type] 
Type domain.Bet is not enhanced.

------------------------------------------------------------------------------------------------------------------------

[2019-03-24 21:28:03 #1 store] 
Database 'C:\Users\aitor\eclipse-workspace\2iterazioa(3)eztaka setresult.zip_expanded\2iteration\resources\bets.temp' has been recovered (tr. 419-420)

[2019-03-24 21:28:03 #2 store] 
Database 'C:\Users\aitor\eclipse-workspace\2iterazioa(3)eztaka setresult.zip_expanded\2iteration\resources\bets.temp' is opened by 6860@Aitor

[2019-03-24 21:28:03 #3 type] 
Type domain.User is not enhanced.

[2019-03-24 21:28:03 #4 type] 
Type domain.Admin is not enhanced.

[2019-03-24 21:28:03 #5 type] 
Type domain.Worker is not enhanced.

[2019-03-24 21:28:03 #6 type] 
Type domain.Question is not enhanced.

[2019-03-24 21:28:03 #7 type] 
Type domain.Event is not enhanced.

[2019-03-24 21:28:03 #8 type] 
Type domain.Registered is not enhanced.

[2019-03-24 21:28:03 #9 type] 
Type domain.Transaction is not enhanced.

[2019-03-24 21:28:03 #10 type] 
Type domain.Fee is not enhanced.

[2019-03-24 21:28:03 #11 type] 
Type domain.Bet is not enhanced.

------------------------------------------------------------------------------------------------------------------------

[2019-03-24 21:28:13 #1 store] 
Database 'C:\Users\aitor\eclipse-workspace\2iterazioa(3)eztaka setresult.zip_expanded\2iteration\resources\bets.temp' is opened by 4512@Aitor

[2019-03-24 21:28:13 #2 type] 
Type domain.User is not enhanced.

[2019-03-24 21:28:13 #3 type] 
Type domain.Admin is not enhanced.

[2019-03-24 21:28:13 #4 type] 
Type domain.Worker is not enhanced.

[2019-03-24 21:28:13 #5 type] 
Type domain.Question is not enhanced.

[2019-03-24 21:28:13 #6 type] 
Type domain.Event is not enhanced.

[2019-03-24 21:28:13 #7 type] 
Type domain.Registered is not enhanced.

[2019-03-24 21:28:13 #8 type] 
Type domain.Transaction is not enhanced.

[2019-03-24 21:28:13 #9 type] 
Type domain.Fee is not enhanced.

[2019-03-24 21:28:13 #10 type] 
Type domain.Bet is not enhanced.

------------------------------------------------------------------------------------------------------------------------

[2019-03-24 21:29:51 #1 store] 
Database 'C:\Users\aitor\eclipse-workspace\2iterazioa(3)eztaka setresult.zip_expanded\2iteration\resources\bets.temp' is opened by 10740@Aitor

[2019-03-24 21:29:51 #2 type] 
Type domain.User is not enhanced.

[2019-03-24 21:29:51 #3 type] 
Type domain.Admin is not enhanced.

[2019-03-24 21:29:51 #4 type] 
Type domain.Worker is not enhanced.

[2019-03-24 21:29:51 #5 type] 
Type domain.Question is not enhanced.

[2019-03-24 21:29:51 #6 type] 
Type domain.Event is not enhanced.

[2019-03-24 21:29:51 #7 type] 
Type domain.Registered is not enhanced.

[2019-03-24 21:29:51 #8 type] 
Type domain.Transaction is not enhanced.

[2019-03-24 21:29:51 #9 type] 
Type domain.Fee is not enhanced.

[2019-03-24 21:29:51 #10 type] 
Type domain.Bet is not enhanced.

------------------------------------------------------------------------------------------------------------------------

[2019-03-24 21:30:18 #1 store] 
Database 'C:\Users\aitor\eclipse-workspace\2iterazioa(3)eztaka setresult.zip_expanded\2iteration\resources\bets.temp' has been recovered (tr. 421-423)

[2019-03-24 21:30:18 #2 store] 
Database 'C:\Users\aitor\eclipse-workspace\2iterazioa(3)eztaka setresult.zip_expanded\2iteration\resources\bets.temp' is opened by 7180@Aitor

[2019-03-24 21:30:18 #3 type] 
Type domain.User is not enhanced.

[2019-03-24 21:30:18 #4 type] 
Type domain.Admin is not enhanced.

[2019-03-24 21:30:18 #5 type] 
Type domain.Worker is not enhanced.

[2019-03-24 21:30:18 #6 type] 
Type domain.Question is not enhanced.

[2019-03-24 21:30:18 #7 type] 
Type domain.Event is not enhanced.

[2019-03-24 21:30:18 #8 type] 
Type domain.Registered is not enhanced.

[2019-03-24 21:30:18 #9 type] 
Type domain.Transaction is not enhanced.

[2019-03-24 21:30:18 #10 type] 
Type domain.Fee is not enhanced.

[2019-03-24 21:30:18 #11 type] 
Type domain.Bet is not enhanced.

------------------------------------------------------------------------------------------------------------------------

[2019-03-24 21:32:11 #1 store] 
Database 'C:\Users\aitor\eclipse-workspace\2iterazioa(3)eztaka setresult.zip_expanded\2iteration\resources\bets.temp' is opened by 10124@Aitor

[2019-03-24 21:32:11 #2 type] 
Type domain.User is not enhanced.

[2019-03-24 21:32:11 #3 type] 
Type domain.Admin is not enhanced.

[2019-03-24 21:32:11 #4 type] 
Type domain.Worker is not enhanced.

[2019-03-24 21:32:11 #5 type] 
Type domain.Question is not enhanced.

[2019-03-24 21:32:11 #6 type] 
Type domain.Event is not enhanced.

[2019-03-24 21:32:11 #7 type] 
Type domain.Registered is not enhanced.

[2019-03-24 21:32:11 #8 type] 
Type domain.Transaction is not enhanced.

[2019-03-24 21:32:11 #9 type] 
Type domain.Fee is not enhanced.

[2019-03-24 21:32:11 #10 type] 
Type domain.Bet is not enhanced.

------------------------------------------------------------------------------------------------------------------------

[2019-03-24 21:32:30 #1 store] 
Database 'C:\Users\aitor\eclipse-workspace\2iterazioa(3)eztaka setresult.zip_expanded\2iteration\resources\bets.temp' has been recovered (tr. 424-426)

[2019-03-24 21:32:30 #2 store] 
Database 'C:\Users\aitor\eclipse-workspace\2iterazioa(3)eztaka setresult.zip_expanded\2iteration\resources\bets.temp' is opened by 2324@Aitor

[2019-03-24 21:32:30 #3 type] 
Type domain.User is not enhanced.

[2019-03-24 21:32:30 #4 type] 
Type domain.Admin is not enhanced.

[2019-03-24 21:32:30 #5 type] 
Type domain.Worker is not enhanced.

[2019-03-24 21:32:30 #6 type] 
Type domain.Question is not enhanced.

[2019-03-24 21:32:30 #7 type] 
Type domain.Event is not enhanced.

[2019-03-24 21:32:30 #8 type] 
Type domain.Registered is not enhanced.

[2019-03-24 21:32:30 #9 type] 
Type domain.Transaction is not enhanced.

[2019-03-24 21:32:30 #10 type] 
Type domain.Fee is not enhanced.

[2019-03-24 21:32:30 #11 type] 
Type domain.Bet is not enhanced.

