------------------------------------------------------------------------------------------------------------------------

[2019-03-23 17:45:48 #1 store] 
Database 'C:\Users\aitor\eclipse-workspace\2iterazioa(3)eztaka setresult.zip_expanded\2iteration\resources\bets.temp' is opened by 11092@Aitor

[2019-03-23 17:45:48 #2 type] 
Type domain.User is not enhanced.

[2019-03-23 17:45:48 #3 type] 
Type domain.Admin is not enhanced.

[2019-03-23 17:45:48 #4 type] 
Type domain.Worker is not enhanced.

[2019-03-23 17:45:48 #5 type] 
Type domain.Question is not enhanced.

[2019-03-23 17:45:48 #6 type] 
Type domain.Event is not enhanced.

[2019-03-23 17:45:48 #7 type] 
Type domain.Registered is not enhanced.

------------------------------------------------------------------------------------------------------------------------

[2019-03-23 19:03:03 #1 store] 
Database 'C:\Users\aitor\eclipse-workspace\2iterazioa(3)eztaka setresult.zip_expanded\2iteration\resources\bets.temp' has been recovered (tr. 122-122)

[2019-03-23 19:03:03 #2 store] 
Database 'C:\Users\aitor\eclipse-workspace\2iterazioa(3)eztaka setresult.zip_expanded\2iteration\resources\bets.temp' is opened by 1016@Aitor

[2019-03-23 19:03:03 #3 type] 
Type domain.User is not enhanced.

[2019-03-23 19:03:03 #4 type] 
Type domain.Admin is not enhanced.

[2019-03-23 19:03:03 #5 type] 
Type domain.Worker is not enhanced.

[2019-03-23 19:03:03 #6 type] 
Type domain.Question is not enhanced.

[2019-03-23 19:03:03 #7 type] 
Type domain.Event is not enhanced.

[2019-03-23 19:03:03 #8 type] 
Type domain.Registered is not enhanced.

------------------------------------------------------------------------------------------------------------------------

[2019-03-23 19:21:17 #1 store] 
Database 'C:\Users\aitor\eclipse-workspace\2iterazioa(3)eztaka setresult.zip_expanded\2iteration\resources\bets.temp' is opened by 5196@Aitor

[2019-03-23 19:21:17 #2 type] 
Type domain.User is not enhanced.

[2019-03-23 19:21:17 #3 type] 
Type domain.Admin is not enhanced.

[2019-03-23 19:21:17 #4 type] 
Type domain.Worker is not enhanced.

[2019-03-23 19:21:17 #5 type] 
Type domain.Question is not enhanced.

[2019-03-23 19:21:17 #6 type] 
Type domain.Event is not enhanced.

[2019-03-23 19:21:17 #7 type] 
Type domain.Registered is not enhanced.

------------------------------------------------------------------------------------------------------------------------

[2019-03-23 19:25:45 #1 store] 
Database 'C:\Users\aitor\eclipse-workspace\2iterazioa(3)eztaka setresult.zip_expanded\2iteration\resources\bets.temp' has been recovered (tr. 123-123)

[2019-03-23 19:25:45 #2 store] 
Database 'C:\Users\aitor\eclipse-workspace\2iterazioa(3)eztaka setresult.zip_expanded\2iteration\resources\bets.temp' is opened by 13416@Aitor

[2019-03-23 19:25:45 #3 type] 
Type domain.User is not enhanced.

[2019-03-23 19:25:45 #4 type] 
Type domain.Admin is not enhanced.

[2019-03-23 19:25:45 #5 type] 
Type domain.Worker is not enhanced.

[2019-03-23 19:25:45 #6 type] 
Type domain.Question is not enhanced.

[2019-03-23 19:25:45 #7 type] 
Type domain.Event is not enhanced.

[2019-03-23 19:25:45 #8 type] 
Type domain.Registered is not enhanced.

------------------------------------------------------------------------------------------------------------------------

[2019-03-23 19:26:45 #1 store] 
Database 'C:\Users\aitor\eclipse-workspace\2iterazioa(3)eztaka setresult.zip_expanded\2iteration\resources\bets.temp' is opened by 5248@Aitor

[2019-03-23 19:26:45 #2 type] 
Type domain.User is not enhanced.

[2019-03-23 19:26:45 #3 type] 
Type domain.Admin is not enhanced.

[2019-03-23 19:26:45 #4 type] 
Type domain.Worker is not enhanced.

[2019-03-23 19:26:45 #5 type] 
Type domain.Question is not enhanced.

[2019-03-23 19:26:45 #6 type] 
Type domain.Event is not enhanced.

[2019-03-23 19:26:45 #7 type] 
Type domain.Registered is not enhanced.

------------------------------------------------------------------------------------------------------------------------

[2019-03-23 19:27:46 #1 store] 
Database 'C:\Users\aitor\eclipse-workspace\2iterazioa(3)eztaka setresult.zip_expanded\2iteration\resources\bets.temp' is opened by 8308@Aitor

[2019-03-23 19:27:46 #2 type] 
Type domain.User is not enhanced.

[2019-03-23 19:27:46 #3 type] 
Type domain.Admin is not enhanced.

[2019-03-23 19:27:46 #4 type] 
Type domain.Worker is not enhanced.

[2019-03-23 19:27:46 #5 type] 
Type domain.Question is not enhanced.

[2019-03-23 19:27:46 #6 type] 
Type domain.Event is not enhanced.

[2019-03-23 19:27:46 #7 type] 
Type domain.Registered is not enhanced.

------------------------------------------------------------------------------------------------------------------------

[2019-03-23 19:28:15 #1 store] 
Database 'C:\Users\aitor\eclipse-workspace\2iterazioa(3)eztaka setresult.zip_expanded\2iteration\resources\bets.temp' is opened by 13476@Aitor

[2019-03-23 19:28:15 #2 type] 
Type domain.User is not enhanced.

[2019-03-23 19:28:15 #3 type] 
Type domain.Admin is not enhanced.

[2019-03-23 19:28:15 #4 type] 
Type domain.Worker is not enhanced.

[2019-03-23 19:28:15 #5 type] 
Type domain.Question is not enhanced.

[2019-03-23 19:28:15 #6 type] 
Type domain.Event is not enhanced.

[2019-03-23 19:28:15 #7 type] 
Type domain.Registered is not enhanced.

------------------------------------------------------------------------------------------------------------------------

[2019-03-23 19:29:57 #1 store] 
Database 'C:\Users\aitor\eclipse-workspace\2iterazioa(3)eztaka setresult.zip_expanded\2iteration\resources\bets.temp' is opened by 8856@Aitor

[2019-03-23 19:29:57 #2 type] 
Type domain.User is not enhanced.

[2019-03-23 19:29:57 #3 type] 
Type domain.Admin is not enhanced.

[2019-03-23 19:29:57 #4 type] 
Type domain.Worker is not enhanced.

[2019-03-23 19:29:57 #5 type] 
Type domain.Question is not enhanced.

[2019-03-23 19:29:57 #6 type] 
Type domain.Event is not enhanced.

[2019-03-23 19:29:57 #7 type] 
Type domain.Registered is not enhanced.

------------------------------------------------------------------------------------------------------------------------

[2019-03-23 19:30:46 #1 store] 
Database 'C:\Users\aitor\eclipse-workspace\2iterazioa(3)eztaka setresult.zip_expanded\2iteration\resources\bets.temp' is opened by 13316@Aitor

[2019-03-23 19:30:46 #2 type] 
Type domain.User is not enhanced.

[2019-03-23 19:30:46 #3 type] 
Type domain.Admin is not enhanced.

[2019-03-23 19:30:46 #4 type] 
Type domain.Worker is not enhanced.

[2019-03-23 19:30:46 #5 type] 
Type domain.Question is not enhanced.

[2019-03-23 19:30:46 #6 type] 
Type domain.Event is not enhanced.

[2019-03-23 19:30:46 #7 type] 
Type domain.Registered is not enhanced.

------------------------------------------------------------------------------------------------------------------------

[2019-03-23 19:32:32 #1 store] 
Database 'C:\Users\aitor\eclipse-workspace\2iterazioa(3)eztaka setresult.zip_expanded\2iteration\resources\bets.temp' has been recovered (tr. 124-128)

[2019-03-23 19:32:32 #2 store] 
Database 'C:\Users\aitor\eclipse-workspace\2iterazioa(3)eztaka setresult.zip_expanded\2iteration\resources\bets.temp' is opened by 11884@Aitor

[2019-03-23 19:32:32 #3 type] 
Type domain.User is not enhanced.

[2019-03-23 19:32:32 #4 type] 
Type domain.Admin is not enhanced.

[2019-03-23 19:32:32 #5 type] 
Type domain.Worker is not enhanced.

[2019-03-23 19:32:32 #6 type] 
Type domain.Question is not enhanced.

[2019-03-23 19:32:32 #7 type] 
Type domain.Event is not enhanced.

[2019-03-23 19:32:32 #8 type] 
Type domain.Registered is not enhanced.

------------------------------------------------------------------------------------------------------------------------

[2019-03-23 19:48:07 #1 store] 
Database 'C:\Users\aitor\eclipse-workspace\2iterazioa(3)eztaka setresult.zip_expanded\2iteration\resources\bets.temp' has been recovered (tr. 129-129)

[2019-03-23 19:48:07 #2 store] 
Database 'C:\Users\aitor\eclipse-workspace\2iterazioa(3)eztaka setresult.zip_expanded\2iteration\resources\bets.temp' is opened by 8008@Aitor

[2019-03-23 19:48:07 #3 type] 
Type domain.User is not enhanced.

[2019-03-23 19:48:07 #4 type.registry] 
New type domain.Transaction

[2019-03-23 19:48:07 #5 type.registry] 
New type java.util.Vector<domain.Transaction>

[2019-03-23 19:48:07 #6 type] 
Type domain.Admin is not enhanced.

[2019-03-23 19:48:07 #7 type] 
Type domain.Worker is not enhanced.

[2019-03-23 19:48:07 #8 type] 
Type domain.Question is not enhanced.

[2019-03-23 19:48:07 #9 type] 
Type domain.Event is not enhanced.

[2019-03-23 19:48:07 #10 type] 
Type domain.Registered is not enhanced.

------------------------------------------------------------------------------------------------------------------------

[2019-03-23 19:48:26 #1 store] 
Database 'C:\Users\aitor\eclipse-workspace\2iterazioa(3)eztaka setresult.zip_expanded\2iteration\resources\bets.temp' has been recovered (tr. 130-130)

[2019-03-23 19:48:26 #2 store] 
Database 'C:\Users\aitor\eclipse-workspace\2iterazioa(3)eztaka setresult.zip_expanded\2iteration\resources\bets.temp' is opened by 10560@Aitor

[2019-03-23 19:48:26 #3 type] 
Type domain.User is not enhanced.

[2019-03-23 19:48:26 #4 type] 
Type domain.Admin is not enhanced.

[2019-03-23 19:48:26 #5 type] 
Type domain.Worker is not enhanced.

[2019-03-23 19:48:26 #6 type] 
Type domain.Question is not enhanced.

[2019-03-23 19:48:26 #7 type] 
Type domain.Event is not enhanced.

[2019-03-23 19:48:26 #8 type] 
Type domain.Registered is not enhanced.

------------------------------------------------------------------------------------------------------------------------

[2019-03-23 19:51:33 #1 store] 
Database 'C:\Users\aitor\eclipse-workspace\2iterazioa(3)eztaka setresult.zip_expanded\2iteration\resources\bets.temp' has been recovered (tr. 131-131)

[2019-03-23 19:51:33 #2 store] 
Database 'C:\Users\aitor\eclipse-workspace\2iterazioa(3)eztaka setresult.zip_expanded\2iteration\resources\bets.temp' is opened by 13328@Aitor

[2019-03-23 19:51:33 #3 type] 
Type domain.User is not enhanced.

[2019-03-23 19:51:33 #4 type] 
Type domain.Admin is not enhanced.

[2019-03-23 19:51:33 #5 type] 
Type domain.Worker is not enhanced.

[2019-03-23 19:51:33 #6 type] 
Type domain.Question is not enhanced.

[2019-03-23 19:51:33 #7 type] 
Type domain.Event is not enhanced.

[2019-03-23 19:51:33 #8 type] 
Type domain.Registered is not enhanced.

------------------------------------------------------------------------------------------------------------------------

[2019-03-23 19:52:15 #1 store] 
Database 'C:\Users\aitor\eclipse-workspace\2iterazioa(3)eztaka setresult.zip_expanded\2iteration\resources\bets.temp' is opened by 6580@Aitor

[2019-03-23 19:52:15 #2 type] 
Type domain.User is not enhanced.

[2019-03-23 19:52:15 #3 type] 
Type domain.Admin is not enhanced.

[2019-03-23 19:52:15 #4 type] 
Type domain.Worker is not enhanced.

[2019-03-23 19:52:15 #5 type] 
Type domain.Question is not enhanced.

[2019-03-23 19:52:15 #6 type] 
Type domain.Event is not enhanced.

[2019-03-23 19:52:15 #7 type] 
Type domain.Registered is not enhanced.

------------------------------------------------------------------------------------------------------------------------

[2019-03-23 19:52:58 #1 store] 
Database 'C:\Users\aitor\eclipse-workspace\2iterazioa(3)eztaka setresult.zip_expanded\2iteration\resources\bets.temp' has been recovered (tr. 132-132)

[2019-03-23 19:52:58 #2 store] 
Database 'C:\Users\aitor\eclipse-workspace\2iterazioa(3)eztaka setresult.zip_expanded\2iteration\resources\bets.temp' is opened by 10676@Aitor

[2019-03-23 19:52:58 #3 type] 
Type domain.User is not enhanced.

[2019-03-23 19:52:58 #4 type] 
Type domain.Admin is not enhanced.

[2019-03-23 19:52:58 #5 type] 
Type domain.Worker is not enhanced.

[2019-03-23 19:52:58 #6 type] 
Type domain.Question is not enhanced.

[2019-03-23 19:52:58 #7 type] 
Type domain.Event is not enhanced.

[2019-03-23 19:52:58 #8 type] 
Type domain.Registered is not enhanced.

------------------------------------------------------------------------------------------------------------------------

[2019-03-23 19:53:33 #1 store] 
Database 'C:\Users\aitor\eclipse-workspace\2iterazioa(3)eztaka setresult.zip_expanded\2iteration\resources\bets.temp' is opened by 13972@Aitor

[2019-03-23 19:53:33 #2 type] 
Type domain.User is not enhanced.

[2019-03-23 19:53:33 #3 type] 
Type domain.Admin is not enhanced.

[2019-03-23 19:53:33 #4 type] 
Type domain.Worker is not enhanced.

[2019-03-23 19:53:33 #5 type] 
Type domain.Question is not enhanced.

[2019-03-23 19:53:33 #6 type] 
Type domain.Event is not enhanced.

[2019-03-23 19:53:33 #7 type] 
Type domain.Registered is not enhanced.

------------------------------------------------------------------------------------------------------------------------

[2019-03-23 19:55:18 #1 store] 
Database 'C:\Users\aitor\eclipse-workspace\2iterazioa(3)eztaka setresult.zip_expanded\2iteration\resources\bets.temp' has been recovered (tr. 133-133)

[2019-03-23 19:55:18 #2 store] 
Database 'C:\Users\aitor\eclipse-workspace\2iterazioa(3)eztaka setresult.zip_expanded\2iteration\resources\bets.temp' is opened by 13528@Aitor

[2019-03-23 19:55:18 #3 type] 
Type domain.User is not enhanced.

[2019-03-23 19:55:18 #4 type] 
Type domain.Admin is not enhanced.

[2019-03-23 19:55:18 #5 type] 
Type domain.Worker is not enhanced.

[2019-03-23 19:55:18 #6 type] 
Type domain.Question is not enhanced.

[2019-03-23 19:55:18 #7 type] 
Type domain.Event is not enhanced.

[2019-03-23 19:55:18 #8 type] 
Type domain.Registered is not enhanced.

------------------------------------------------------------------------------------------------------------------------

[2019-03-23 20:01:01 #1 store] 
Database 'C:\Users\aitor\eclipse-workspace\2iterazioa(3)eztaka setresult.zip_expanded\2iteration\resources\bets.temp' has been recovered (tr. 134-134)

[2019-03-23 20:01:01 #2 store] 
Database 'C:\Users\aitor\eclipse-workspace\2iterazioa(3)eztaka setresult.zip_expanded\2iteration\resources\bets.temp' is opened by 852@Aitor

[2019-03-23 20:01:01 #3 type] 
Type domain.User is not enhanced.

[2019-03-23 20:01:01 #4 type] 
Type domain.Admin is not enhanced.

[2019-03-23 20:01:01 #5 type] 
Type domain.Worker is not enhanced.

[2019-03-23 20:01:01 #6 type] 
Type domain.Question is not enhanced.

[2019-03-23 20:01:01 #7 type] 
Type domain.Event is not enhanced.

[2019-03-23 20:01:01 #8 type] 
Type domain.Registered is not enhanced.

------------------------------------------------------------------------------------------------------------------------

[2019-03-23 20:01:25 #1 store] 
Database 'C:\Users\aitor\eclipse-workspace\2iterazioa(3)eztaka setresult.zip_expanded\2iteration\resources\bets.temp' has been recovered (tr. 135-135)

[2019-03-23 20:01:25 #2 store] 
Database 'C:\Users\aitor\eclipse-workspace\2iterazioa(3)eztaka setresult.zip_expanded\2iteration\resources\bets.temp' is opened by 13632@Aitor

[2019-03-23 20:01:25 #3 type] 
Type domain.User is not enhanced.

[2019-03-23 20:01:25 #4 type] 
Type domain.Admin is not enhanced.

[2019-03-23 20:01:25 #5 type] 
Type domain.Worker is not enhanced.

[2019-03-23 20:01:25 #6 type] 
Type domain.Question is not enhanced.

[2019-03-23 20:01:25 #7 type] 
Type domain.Event is not enhanced.

[2019-03-23 20:01:25 #8 type] 
Type domain.Registered is not enhanced.

------------------------------------------------------------------------------------------------------------------------

[2019-03-23 20:03:51 #1 store] 
Database 'C:\Users\aitor\eclipse-workspace\2iterazioa(3)eztaka setresult.zip_expanded\2iteration\resources\bets.temp' has been recovered (tr. 136-136)

[2019-03-23 20:03:51 #2 store] 
Database 'C:\Users\aitor\eclipse-workspace\2iterazioa(3)eztaka setresult.zip_expanded\2iteration\resources\bets.temp' is opened by 9320@Aitor

[2019-03-23 20:03:51 #3 type] 
Type domain.User is not enhanced.

[2019-03-23 20:03:51 #4 type] 
Type domain.Admin is not enhanced.

[2019-03-23 20:03:51 #5 type] 
Type domain.Worker is not enhanced.

[2019-03-23 20:03:51 #6 type] 
Type domain.Question is not enhanced.

[2019-03-23 20:03:51 #7 type] 
Type domain.Event is not enhanced.

[2019-03-23 20:03:51 #8 type] 
Type domain.Registered is not enhanced.

------------------------------------------------------------------------------------------------------------------------

[2019-03-23 20:04:19 #1 store] 
Database 'C:\Users\aitor\eclipse-workspace\2iterazioa(3)eztaka setresult.zip_expanded\2iteration\resources\bets.temp' has been recovered (tr. 137-137)

[2019-03-23 20:04:19 #2 store] 
Database 'C:\Users\aitor\eclipse-workspace\2iterazioa(3)eztaka setresult.zip_expanded\2iteration\resources\bets.temp' is opened by 8276@Aitor

[2019-03-23 20:04:19 #3 type] 
Type domain.User is not enhanced.

[2019-03-23 20:04:19 #4 type] 
Type domain.Admin is not enhanced.

[2019-03-23 20:04:19 #5 type] 
Type domain.Worker is not enhanced.

[2019-03-23 20:04:19 #6 type] 
Type domain.Question is not enhanced.

[2019-03-23 20:04:19 #7 type] 
Type domain.Event is not enhanced.

[2019-03-23 20:04:19 #8 type] 
Type domain.Registered is not enhanced.

------------------------------------------------------------------------------------------------------------------------

[2019-03-23 20:08:06 #1 store] 
Database 'C:\Users\aitor\eclipse-workspace\2iterazioa(3)eztaka setresult.zip_expanded\2iteration\resources\bets.temp' has been recovered (tr. 138-138)

[2019-03-23 20:08:06 #2 store] 
Database 'C:\Users\aitor\eclipse-workspace\2iterazioa(3)eztaka setresult.zip_expanded\2iteration\resources\bets.temp' is opened by 13524@Aitor

[2019-03-23 20:08:06 #3 type] 
Type domain.User is not enhanced.

[2019-03-23 20:08:06 #4 type] 
Type domain.Admin is not enhanced.

[2019-03-23 20:08:06 #5 type] 
Type domain.Worker is not enhanced.

[2019-03-23 20:08:06 #6 type] 
Type domain.Question is not enhanced.

[2019-03-23 20:08:06 #7 type] 
Type domain.Event is not enhanced.

[2019-03-23 20:08:06 #8 type] 
Type domain.Registered is not enhanced.

[2019-03-23 20:08:06 #9 type] 
Type domain.Transaction is not enhanced.

------------------------------------------------------------------------------------------------------------------------

[2019-03-23 20:08:18 #1 store] 
Database 'C:\Users\aitor\eclipse-workspace\2iterazioa(3)eztaka setresult.zip_expanded\2iteration\resources\bets.temp' has been recovered (tr. 139-139)

[2019-03-23 20:08:18 #2 store] 
Database 'C:\Users\aitor\eclipse-workspace\2iterazioa(3)eztaka setresult.zip_expanded\2iteration\resources\bets.temp' is opened by 6508@Aitor

[2019-03-23 20:08:18 #3 type] 
Type domain.User is not enhanced.

[2019-03-23 20:08:18 #4 type] 
Type domain.Admin is not enhanced.

[2019-03-23 20:08:18 #5 type] 
Type domain.Worker is not enhanced.

[2019-03-23 20:08:18 #6 type] 
Type domain.Question is not enhanced.

[2019-03-23 20:08:18 #7 type] 
Type domain.Event is not enhanced.

[2019-03-23 20:08:18 #8 type] 
Type domain.Registered is not enhanced.

[2019-03-23 20:08:18 #9 type] 
Type domain.Transaction is not enhanced.

------------------------------------------------------------------------------------------------------------------------

[2019-03-23 20:09:46 #1 store] 
Database 'C:\Users\aitor\eclipse-workspace\2iterazioa(3)eztaka setresult.zip_expanded\2iteration\resources\bets.temp' has been recovered (tr. 140-142)

[2019-03-23 20:09:46 #2 store] 
Database 'C:\Users\aitor\eclipse-workspace\2iterazioa(3)eztaka setresult.zip_expanded\2iteration\resources\bets.temp' is opened by 13724@Aitor

[2019-03-23 20:09:46 #3 type] 
Type domain.User is not enhanced.

[2019-03-23 20:09:46 #4 type] 
Type domain.Admin is not enhanced.

[2019-03-23 20:09:46 #5 type] 
Type domain.Worker is not enhanced.

[2019-03-23 20:09:46 #6 type] 
Type domain.Question is not enhanced.

[2019-03-23 20:09:46 #7 type] 
Type domain.Event is not enhanced.

[2019-03-23 20:09:46 #8 type] 
Type domain.Registered is not enhanced.

[2019-03-23 20:09:46 #9 type] 
Type domain.Transaction is not enhanced.

------------------------------------------------------------------------------------------------------------------------

[2019-03-23 20:10:05 #1 store] 
Database 'C:\Users\aitor\eclipse-workspace\2iterazioa(3)eztaka setresult.zip_expanded\2iteration\resources\bets.temp' has been recovered (tr. 143-147)

[2019-03-23 20:10:05 #2 store] 
Database 'C:\Users\aitor\eclipse-workspace\2iterazioa(3)eztaka setresult.zip_expanded\2iteration\resources\bets.temp' is opened by 13148@Aitor

[2019-03-23 20:10:06 #3 type] 
Type domain.User is not enhanced.

[2019-03-23 20:10:06 #4 type] 
Type domain.Admin is not enhanced.

[2019-03-23 20:10:06 #5 type] 
Type domain.Worker is not enhanced.

[2019-03-23 20:10:06 #6 type] 
Type domain.Question is not enhanced.

[2019-03-23 20:10:06 #7 type] 
Type domain.Event is not enhanced.

[2019-03-23 20:10:06 #8 type] 
Type domain.Registered is not enhanced.

[2019-03-23 20:10:06 #9 type] 
Type domain.Transaction is not enhanced.

------------------------------------------------------------------------------------------------------------------------

[2019-03-23 20:11:18 #1 store] 
Database 'C:\Users\aitor\eclipse-workspace\2iterazioa(3)eztaka setresult.zip_expanded\2iteration\resources\bets.temp' is opened by 12756@Aitor

[2019-03-23 20:11:18 #2 type] 
Type domain.User is not enhanced.

[2019-03-23 20:11:18 #3 type] 
Type domain.Admin is not enhanced.

[2019-03-23 20:11:18 #4 type] 
Type domain.Worker is not enhanced.

[2019-03-23 20:11:18 #5 type] 
Type domain.Question is not enhanced.

[2019-03-23 20:11:18 #6 type] 
Type domain.Event is not enhanced.

[2019-03-23 20:11:18 #7 type] 
Type domain.Registered is not enhanced.

[2019-03-23 20:11:18 #8 type] 
Type domain.Transaction is not enhanced.

------------------------------------------------------------------------------------------------------------------------

[2019-03-23 20:12:14 #1 store] 
Database 'C:\Users\aitor\eclipse-workspace\2iterazioa(3)eztaka setresult.zip_expanded\2iteration\resources\bets.temp' is opened by 13984@Aitor

[2019-03-23 20:12:14 #2 type] 
Type domain.User is not enhanced.

[2019-03-23 20:12:14 #3 type] 
Type domain.Admin is not enhanced.

[2019-03-23 20:12:14 #4 type] 
Type domain.Worker is not enhanced.

[2019-03-23 20:12:14 #5 type] 
Type domain.Question is not enhanced.

[2019-03-23 20:12:14 #6 type] 
Type domain.Event is not enhanced.

[2019-03-23 20:12:14 #7 type] 
Type domain.Registered is not enhanced.

[2019-03-23 20:12:14 #8 type] 
Type domain.Transaction is not enhanced.

------------------------------------------------------------------------------------------------------------------------

[2019-03-23 20:15:44 #1 store] 
Database 'C:\Users\aitor\eclipse-workspace\2iterazioa(3)eztaka setresult.zip_expanded\2iteration\resources\bets.temp' is opened by 4328@Aitor

[2019-03-23 20:15:44 #2 type] 
Type domain.User is not enhanced.

[2019-03-23 20:15:44 #3 type] 
Type domain.Admin is not enhanced.

[2019-03-23 20:15:44 #4 type] 
Type domain.Worker is not enhanced.

[2019-03-23 20:15:44 #5 type] 
Type domain.Question is not enhanced.

[2019-03-23 20:15:44 #6 type] 
Type domain.Event is not enhanced.

[2019-03-23 20:15:44 #7 type] 
Type domain.Registered is not enhanced.

[2019-03-23 20:15:44 #8 type] 
Type domain.Transaction is not enhanced.

------------------------------------------------------------------------------------------------------------------------

[2019-03-23 20:16:39 #1 store] 
Database 'C:\Users\aitor\eclipse-workspace\2iterazioa(3)eztaka setresult.zip_expanded\2iteration\resources\bets.temp' is opened by 11436@Aitor

[2019-03-23 20:16:39 #2 type] 
Type domain.User is not enhanced.

[2019-03-23 20:16:39 #3 type] 
Type domain.Admin is not enhanced.

[2019-03-23 20:16:39 #4 type] 
Type domain.Worker is not enhanced.

[2019-03-23 20:16:39 #5 type] 
Type domain.Question is not enhanced.

[2019-03-23 20:16:39 #6 type] 
Type domain.Event is not enhanced.

[2019-03-23 20:16:39 #7 type] 
Type domain.Registered is not enhanced.

[2019-03-23 20:16:39 #8 type] 
Type domain.Transaction is not enhanced.

------------------------------------------------------------------------------------------------------------------------

[2019-03-23 20:18:17 #1 store] 
Database 'C:\Users\aitor\eclipse-workspace\2iterazioa(3)eztaka setresult.zip_expanded\2iteration\resources\bets.temp' is opened by 14556@Aitor

[2019-03-23 20:18:17 #2 type] 
Type domain.User is not enhanced.

[2019-03-23 20:18:17 #3 type] 
Type domain.Admin is not enhanced.

[2019-03-23 20:18:17 #4 type] 
Type domain.Worker is not enhanced.

[2019-03-23 20:18:17 #5 type] 
Type domain.Question is not enhanced.

[2019-03-23 20:18:17 #6 type] 
Type domain.Event is not enhanced.

[2019-03-23 20:18:17 #7 type] 
Type domain.Registered is not enhanced.

[2019-03-23 20:18:17 #8 type] 
Type domain.Transaction is not enhanced.

------------------------------------------------------------------------------------------------------------------------

[2019-03-23 20:20:24 #1 store] 
Database 'C:\Users\aitor\eclipse-workspace\2iterazioa(3)eztaka setresult.zip_expanded\2iteration\resources\bets.temp' is opened by 14736@Aitor

[2019-03-23 20:20:24 #2 type] 
Type domain.User is not enhanced.

[2019-03-23 20:20:24 #3 type] 
Type domain.Admin is not enhanced.

[2019-03-23 20:20:24 #4 type] 
Type domain.Worker is not enhanced.

[2019-03-23 20:20:24 #5 type] 
Type domain.Question is not enhanced.

[2019-03-23 20:20:24 #6 type] 
Type domain.Event is not enhanced.

[2019-03-23 20:20:24 #7 type] 
Type domain.Registered is not enhanced.

[2019-03-23 20:20:24 #8 type] 
Type domain.Transaction is not enhanced.

------------------------------------------------------------------------------------------------------------------------

[2019-03-23 20:23:27 #1 store] 
Database 'C:\Users\aitor\eclipse-workspace\2iterazioa(3)eztaka setresult.zip_expanded\2iteration\resources\bets.temp' is opened by 14972@Aitor

[2019-03-23 20:23:27 #2 type] 
Type domain.User is not enhanced.

[2019-03-23 20:23:27 #3 type] 
Type domain.Admin is not enhanced.

[2019-03-23 20:23:27 #4 type] 
Type domain.Worker is not enhanced.

[2019-03-23 20:23:27 #5 type] 
Type domain.Question is not enhanced.

[2019-03-23 20:23:27 #6 type] 
Type domain.Event is not enhanced.

[2019-03-23 20:23:27 #7 type] 
Type domain.Registered is not enhanced.

[2019-03-23 20:23:27 #8 type] 
Type domain.Transaction is not enhanced.

------------------------------------------------------------------------------------------------------------------------

[2019-03-23 20:34:51 #1 store] 
Database 'C:\Users\aitor\eclipse-workspace\2iterazioa(3)eztaka setresult.zip_expanded\2iteration\resources\bets.temp' is opened by 13876@Aitor

[2019-03-23 20:34:51 #2 type] 
Type domain.User is not enhanced.

[2019-03-23 20:34:51 #3 type] 
Type domain.Admin is not enhanced.

[2019-03-23 20:34:51 #4 type] 
Type domain.Worker is not enhanced.

[2019-03-23 20:34:51 #5 type] 
Type domain.Question is not enhanced.

[2019-03-23 20:34:51 #6 type] 
Type domain.Event is not enhanced.

[2019-03-23 20:34:51 #7 type] 
Type domain.Registered is not enhanced.

[2019-03-23 20:34:51 #8 type] 
Type domain.Transaction is not enhanced.

------------------------------------------------------------------------------------------------------------------------

[2019-03-23 20:37:59 #1 store] 
Database 'C:\Users\aitor\eclipse-workspace\2iterazioa(3)eztaka setresult.zip_expanded\2iteration\resources\bets.temp' is opened by 13400@Aitor

[2019-03-23 20:37:59 #2 type] 
Type domain.User is not enhanced.

[2019-03-23 20:37:59 #3 type] 
Type domain.Admin is not enhanced.

[2019-03-23 20:37:59 #4 type] 
Type domain.Worker is not enhanced.

[2019-03-23 20:37:59 #5 type] 
Type domain.Question is not enhanced.

[2019-03-23 20:37:59 #6 type] 
Type domain.Event is not enhanced.

[2019-03-23 20:37:59 #7 type] 
Type domain.Registered is not enhanced.

[2019-03-23 20:37:59 #8 type] 
Type domain.Transaction is not enhanced.

------------------------------------------------------------------------------------------------------------------------

[2019-03-23 20:39:15 #1 store] 
Database 'C:\Users\aitor\eclipse-workspace\2iterazioa(3)eztaka setresult.zip_expanded\2iteration\resources\bets.temp' is opened by 15336@Aitor

[2019-03-23 20:39:15 #2 type] 
Type domain.User is not enhanced.

[2019-03-23 20:39:15 #3 type] 
Type domain.Admin is not enhanced.

[2019-03-23 20:39:15 #4 type] 
Type domain.Worker is not enhanced.

[2019-03-23 20:39:15 #5 type] 
Type domain.Question is not enhanced.

[2019-03-23 20:39:15 #6 type] 
Type domain.Event is not enhanced.

[2019-03-23 20:39:15 #7 type] 
Type domain.Registered is not enhanced.

[2019-03-23 20:39:15 #8 type] 
Type domain.Transaction is not enhanced.

------------------------------------------------------------------------------------------------------------------------

[2019-03-23 20:41:15 #1 store] 
Database 'C:\Users\aitor\eclipse-workspace\2iterazioa(3)eztaka setresult.zip_expanded\2iteration\resources\bets.temp' is opened by 14848@Aitor

[2019-03-23 20:41:15 #2 type] 
Type domain.User is not enhanced.

[2019-03-23 20:41:15 #3 type] 
Type domain.Admin is not enhanced.

[2019-03-23 20:41:15 #4 type] 
Type domain.Worker is not enhanced.

[2019-03-23 20:41:15 #5 type] 
Type domain.Question is not enhanced.

[2019-03-23 20:41:15 #6 type] 
Type domain.Event is not enhanced.

[2019-03-23 20:41:15 #7 type] 
Type domain.Registered is not enhanced.

[2019-03-23 20:41:15 #8 type] 
Type domain.Transaction is not enhanced.

------------------------------------------------------------------------------------------------------------------------

[2019-03-23 20:41:42 #1 store] 
Database 'C:\Users\aitor\eclipse-workspace\2iterazioa(3)eztaka setresult.zip_expanded\2iteration\resources\bets.temp' is opened by 14676@Aitor

[2019-03-23 20:41:42 #2 type] 
Type domain.User is not enhanced.

[2019-03-23 20:41:42 #3 type] 
Type domain.Admin is not enhanced.

[2019-03-23 20:41:42 #4 type] 
Type domain.Worker is not enhanced.

[2019-03-23 20:41:42 #5 type] 
Type domain.Question is not enhanced.

[2019-03-23 20:41:42 #6 type] 
Type domain.Event is not enhanced.

[2019-03-23 20:41:42 #7 type] 
Type domain.Registered is not enhanced.

[2019-03-23 20:41:42 #8 type] 
Type domain.Transaction is not enhanced.

------------------------------------------------------------------------------------------------------------------------

[2019-03-23 20:42:46 #1 store] 
Database 'C:\Users\aitor\eclipse-workspace\2iterazioa(3)eztaka setresult.zip_expanded\2iteration\resources\bets.temp' has been recovered (tr. 148-148)

[2019-03-23 20:42:46 #2 store] 
Database 'C:\Users\aitor\eclipse-workspace\2iterazioa(3)eztaka setresult.zip_expanded\2iteration\resources\bets.temp' is opened by 11592@Aitor

[2019-03-23 20:42:46 #3 type] 
Type domain.User is not enhanced.

[2019-03-23 20:42:46 #4 type] 
Type domain.Admin is not enhanced.

[2019-03-23 20:42:46 #5 type] 
Type domain.Worker is not enhanced.

[2019-03-23 20:42:46 #6 type] 
Type domain.Question is not enhanced.

[2019-03-23 20:42:46 #7 type] 
Type domain.Event is not enhanced.

[2019-03-23 20:42:46 #8 type] 
Type domain.Registered is not enhanced.

[2019-03-23 20:42:46 #9 type] 
Type domain.Transaction is not enhanced.

------------------------------------------------------------------------------------------------------------------------

[2019-03-23 20:43:24 #1 store] 
Database 'C:\Users\aitor\eclipse-workspace\2iterazioa(3)eztaka setresult.zip_expanded\2iteration\resources\bets.temp' has been recovered (tr. 149-152)

[2019-03-23 20:43:24 #2 store] 
Database 'C:\Users\aitor\eclipse-workspace\2iterazioa(3)eztaka setresult.zip_expanded\2iteration\resources\bets.temp' is opened by 13804@Aitor

[2019-03-23 20:43:24 #3 type] 
Type domain.User is not enhanced.

[2019-03-23 20:43:24 #4 type] 
Type domain.Admin is not enhanced.

[2019-03-23 20:43:24 #5 type] 
Type domain.Worker is not enhanced.

[2019-03-23 20:43:24 #6 type] 
Type domain.Question is not enhanced.

[2019-03-23 20:43:24 #7 type] 
Type domain.Event is not enhanced.

[2019-03-23 20:43:24 #8 type] 
Type domain.Registered is not enhanced.

[2019-03-23 20:43:24 #9 type] 
Type domain.Transaction is not enhanced.

------------------------------------------------------------------------------------------------------------------------

[2019-03-23 20:45:50 #1 store] 
Database 'C:\Users\aitor\eclipse-workspace\2iterazioa(3)eztaka setresult.zip_expanded\2iteration\resources\bets.temp' has been recovered (tr. 153-153)

[2019-03-23 20:45:50 #2 store] 
Database 'C:\Users\aitor\eclipse-workspace\2iterazioa(3)eztaka setresult.zip_expanded\2iteration\resources\bets.temp' is opened by 10880@Aitor

[2019-03-23 20:45:50 #3 type] 
Type domain.User is not enhanced.

[2019-03-23 20:45:50 #4 type] 
Type domain.Admin is not enhanced.

[2019-03-23 20:45:50 #5 type] 
Type domain.Worker is not enhanced.

[2019-03-23 20:45:50 #6 type] 
Type domain.Question is not enhanced.

[2019-03-23 20:45:50 #7 type] 
Type domain.Event is not enhanced.

[2019-03-23 20:45:50 #8 type] 
Type domain.Registered is not enhanced.

[2019-03-23 20:45:50 #9 type] 
Type domain.Transaction is not enhanced.

------------------------------------------------------------------------------------------------------------------------

[2019-03-23 20:48:06 #1 store] 
Database 'C:\Users\aitor\eclipse-workspace\2iterazioa(3)eztaka setresult.zip_expanded\2iteration\resources\bets.temp' is opened by 15292@Aitor

[2019-03-23 20:48:06 #2 type] 
Type domain.User is not enhanced.

[2019-03-23 20:48:06 #3 type] 
Type domain.Admin is not enhanced.

[2019-03-23 20:48:06 #4 type] 
Type domain.Worker is not enhanced.

[2019-03-23 20:48:06 #5 type] 
Type domain.Question is not enhanced.

[2019-03-23 20:48:06 #6 type] 
Type domain.Event is not enhanced.

[2019-03-23 20:48:06 #7 type] 
Type domain.Registered is not enhanced.

[2019-03-23 20:48:06 #8 type] 
Type domain.Transaction is not enhanced.

------------------------------------------------------------------------------------------------------------------------

[2019-03-23 20:48:22 #1 store] 
Database 'C:\Users\aitor\eclipse-workspace\2iterazioa(3)eztaka setresult.zip_expanded\2iteration\resources\bets.temp' has been recovered (tr. 160-165)

[2019-03-23 20:48:22 #2 store] 
Database 'C:\Users\aitor\eclipse-workspace\2iterazioa(3)eztaka setresult.zip_expanded\2iteration\resources\bets.temp' is opened by 13732@Aitor

[2019-03-23 20:48:22 #3 type] 
Type domain.User is not enhanced.

[2019-03-23 20:48:22 #4 type] 
Type domain.Admin is not enhanced.

[2019-03-23 20:48:22 #5 type] 
Type domain.Worker is not enhanced.

[2019-03-23 20:48:22 #6 type] 
Type domain.Question is not enhanced.

[2019-03-23 20:48:22 #7 type] 
Type domain.Event is not enhanced.

[2019-03-23 20:48:22 #8 type] 
Type domain.Registered is not enhanced.

[2019-03-23 20:48:22 #9 type] 
Type domain.Transaction is not enhanced.

------------------------------------------------------------------------------------------------------------------------

[2019-03-23 20:54:43 #1 store] 
Database 'C:\Users\aitor\eclipse-workspace\2iterazioa(3)eztaka setresult.zip_expanded\2iteration\resources\bets.temp' is opened by 13796@Aitor

[2019-03-23 20:54:43 #2 type] 
Type domain.User is not enhanced.

[2019-03-23 20:54:43 #3 type] 
Type domain.Admin is not enhanced.

[2019-03-23 20:54:43 #4 type] 
Type domain.Worker is not enhanced.

[2019-03-23 20:54:43 #5 type] 
Type domain.Question is not enhanced.

[2019-03-23 20:54:43 #6 type] 
Type domain.Event is not enhanced.

[2019-03-23 20:54:43 #7 type] 
Type domain.Registered is not enhanced.

------------------------------------------------------------------------------------------------------------------------

[2019-03-23 20:59:20 #1 store] 
Database 'C:\Users\aitor\eclipse-workspace\2iterazioa(3)eztaka setresult.zip_expanded\2iteration\resources\bets.temp' is opened by 3080@Aitor

[2019-03-23 20:59:20 #2 type] 
Type domain.User is not enhanced.

[2019-03-23 20:59:20 #3 type] 
Type domain.Admin is not enhanced.

[2019-03-23 20:59:20 #4 type] 
Type domain.Worker is not enhanced.

[2019-03-23 20:59:20 #5 type] 
Type domain.Question is not enhanced.

[2019-03-23 20:59:20 #6 type] 
Type domain.Event is not enhanced.

[2019-03-23 20:59:20 #7 type] 
Type domain.Registered is not enhanced.

[2019-03-23 20:59:20 #8 type] 
Type domain.Transaction is not enhanced.

------------------------------------------------------------------------------------------------------------------------

[2019-03-23 20:59:38 #1 store] 
Database 'C:\Users\aitor\eclipse-workspace\2iterazioa(3)eztaka setresult.zip_expanded\2iteration\resources\bets.temp' has been recovered (tr. 175-178)

[2019-03-23 20:59:38 #2 store] 
Database 'C:\Users\aitor\eclipse-workspace\2iterazioa(3)eztaka setresult.zip_expanded\2iteration\resources\bets.temp' is opened by 13728@Aitor

[2019-03-23 20:59:38 #3 type] 
Type domain.User is not enhanced.

[2019-03-23 20:59:38 #4 type] 
Type domain.Admin is not enhanced.

[2019-03-23 20:59:38 #5 type] 
Type domain.Worker is not enhanced.

[2019-03-23 20:59:38 #6 type] 
Type domain.Question is not enhanced.

[2019-03-23 20:59:38 #7 type] 
Type domain.Event is not enhanced.

[2019-03-23 20:59:38 #8 type] 
Type domain.Registered is not enhanced.

[2019-03-23 20:59:38 #9 type] 
Type domain.Transaction is not enhanced.

------------------------------------------------------------------------------------------------------------------------

[2019-03-23 21:00:01 #1 store] 
Database 'C:\Users\aitor\eclipse-workspace\2iterazioa(3)eztaka setresult.zip_expanded\2iteration\resources\bets.temp' has been recovered (tr. 179-180)

[2019-03-23 21:00:01 #2 store] 
Database 'C:\Users\aitor\eclipse-workspace\2iterazioa(3)eztaka setresult.zip_expanded\2iteration\resources\bets.temp' is opened by 14136@Aitor

[2019-03-23 21:00:01 #3 type] 
Type domain.User is not enhanced.

[2019-03-23 21:00:01 #4 type] 
Type domain.Admin is not enhanced.

[2019-03-23 21:00:01 #5 type] 
Type domain.Worker is not enhanced.

[2019-03-23 21:00:01 #6 type] 
Type domain.Question is not enhanced.

[2019-03-23 21:00:01 #7 type] 
Type domain.Event is not enhanced.

[2019-03-23 21:00:01 #8 type] 
Type domain.Registered is not enhanced.

[2019-03-23 21:00:01 #9 type] 
Type domain.Transaction is not enhanced.

------------------------------------------------------------------------------------------------------------------------

[2019-03-23 21:00:19 #1 store] 
Database 'C:\Users\aitor\eclipse-workspace\2iterazioa(3)eztaka setresult.zip_expanded\2iteration\resources\bets.temp' is opened by 9184@Aitor

[2019-03-23 21:00:19 #2 type] 
Type domain.User is not enhanced.

[2019-03-23 21:00:19 #3 type] 
Type domain.Admin is not enhanced.

[2019-03-23 21:00:19 #4 type] 
Type domain.Worker is not enhanced.

[2019-03-23 21:00:19 #5 type] 
Type domain.Question is not enhanced.

[2019-03-23 21:00:19 #6 type] 
Type domain.Event is not enhanced.

[2019-03-23 21:00:19 #7 type] 
Type domain.Registered is not enhanced.

[2019-03-23 21:00:19 #8 type] 
Type domain.Transaction is not enhanced.

------------------------------------------------------------------------------------------------------------------------

[2019-03-23 21:01:19 #1 store] 
Database 'C:\Users\aitor\eclipse-workspace\2iterazioa(3)eztaka setresult.zip_expanded\2iteration\resources\bets.temp' has been recovered (tr. 181-181)

[2019-03-23 21:01:19 #2 store] 
Database 'C:\Users\aitor\eclipse-workspace\2iterazioa(3)eztaka setresult.zip_expanded\2iteration\resources\bets.temp' is opened by 14760@Aitor

[2019-03-23 21:01:19 #3 type] 
Type domain.User is not enhanced.

[2019-03-23 21:01:19 #4 type] 
Type domain.Admin is not enhanced.

[2019-03-23 21:01:19 #5 type] 
Type domain.Worker is not enhanced.

[2019-03-23 21:01:19 #6 type] 
Type domain.Question is not enhanced.

[2019-03-23 21:01:19 #7 type] 
Type domain.Event is not enhanced.

[2019-03-23 21:01:19 #8 type] 
Type domain.Registered is not enhanced.

[2019-03-23 21:01:19 #9 type] 
Type domain.Transaction is not enhanced.

------------------------------------------------------------------------------------------------------------------------

[2019-03-23 21:02:18 #1 store] 
Database 'C:\Users\aitor\eclipse-workspace\2iterazioa(3)eztaka setresult.zip_expanded\2iteration\resources\bets.temp' has been recovered (tr. 182-185)

[2019-03-23 21:02:18 #2 store] 
Database 'C:\Users\aitor\eclipse-workspace\2iterazioa(3)eztaka setresult.zip_expanded\2iteration\resources\bets.temp' is opened by 14492@Aitor

[2019-03-23 21:02:18 #3 type] 
Type domain.User is not enhanced.

[2019-03-23 21:02:18 #4 type] 
Type domain.Admin is not enhanced.

[2019-03-23 21:02:18 #5 type] 
Type domain.Worker is not enhanced.

[2019-03-23 21:02:18 #6 type] 
Type domain.Question is not enhanced.

[2019-03-23 21:02:18 #7 type] 
Type domain.Event is not enhanced.

[2019-03-23 21:02:18 #8 type] 
Type domain.Registered is not enhanced.

[2019-03-23 21:02:18 #9 type] 
Type domain.Transaction is not enhanced.

------------------------------------------------------------------------------------------------------------------------

[2019-03-23 21:02:38 #1 store] 
Database 'C:\Users\aitor\eclipse-workspace\2iterazioa(3)eztaka setresult.zip_expanded\2iteration\resources\bets.temp' is opened by 14836@Aitor

[2019-03-23 21:02:38 #2 type] 
Type domain.User is not enhanced.

[2019-03-23 21:02:38 #3 type] 
Type domain.Admin is not enhanced.

[2019-03-23 21:02:38 #4 type] 
Type domain.Worker is not enhanced.

[2019-03-23 21:02:38 #5 type] 
Type domain.Question is not enhanced.

[2019-03-23 21:02:38 #6 type] 
Type domain.Event is not enhanced.

[2019-03-23 21:02:38 #7 type] 
Type domain.Registered is not enhanced.

[2019-03-23 21:02:38 #8 type] 
Type domain.Transaction is not enhanced.

------------------------------------------------------------------------------------------------------------------------

[2019-03-23 22:57:12 #1 store] 
Database 'C:\Users\aitor\eclipse-workspace\2iterazioa(3)eztaka setresult.zip_expanded\2iteration\resources\bets.temp' is opened by 11396@Aitor

[2019-03-23 22:57:12 #2 type] 
Type domain.User is not enhanced.

[2019-03-23 22:57:12 #3 type] 
Type domain.Admin is not enhanced.

[2019-03-23 22:57:12 #4 type] 
Type domain.Worker is not enhanced.

[2019-03-23 22:57:12 #5 type] 
Type domain.Question is not enhanced.

[2019-03-23 22:57:12 #6 type.registry] 
New type domain.Fee

[2019-03-23 22:57:12 #7 type.registry] 
New type java.util.Vector<domain.Fee>

[2019-03-23 22:57:12 #8 type] 
Type domain.Event is not enhanced.

[2019-03-23 22:57:12 #9 type] 
Type domain.Registered is not enhanced.

[2019-03-23 22:57:12 #10 type] 
Type domain.Transaction is not enhanced.

[2019-03-23 22:57:12 #11 type] 
Type domain.Fee is not enhanced.

------------------------------------------------------------------------------------------------------------------------

[2019-03-23 22:57:28 #1 store] 
Database 'C:\Users\aitor\eclipse-workspace\2iterazioa(3)eztaka setresult.zip_expanded\2iteration\resources\bets.temp' has been recovered (tr. 186-186)

[2019-03-23 22:57:28 #2 store] 
Database 'C:\Users\aitor\eclipse-workspace\2iterazioa(3)eztaka setresult.zip_expanded\2iteration\resources\bets.temp' is opened by 15528@Aitor

[2019-03-23 22:57:29 #3 type] 
Type domain.User is not enhanced.

[2019-03-23 22:57:29 #4 type] 
Type domain.Admin is not enhanced.

[2019-03-23 22:57:29 #5 type] 
Type domain.Worker is not enhanced.

[2019-03-23 22:57:29 #6 type] 
Type domain.Question is not enhanced.

[2019-03-23 22:57:29 #7 type] 
Type domain.Event is not enhanced.

[2019-03-23 22:57:29 #8 type] 
Type domain.Registered is not enhanced.

[2019-03-23 22:57:29 #9 type] 
Type domain.Transaction is not enhanced.

[2019-03-23 22:57:29 #10 type] 
Type domain.Fee is not enhanced.

------------------------------------------------------------------------------------------------------------------------

[2019-03-23 22:57:49 #1 store] 
Database 'C:\Users\aitor\eclipse-workspace\2iterazioa(3)eztaka setresult.zip_expanded\2iteration\resources\bets.temp' is opened by 14452@Aitor

[2019-03-23 22:57:49 #2 type] 
Type domain.User is not enhanced.

[2019-03-23 22:57:49 #3 type] 
Type domain.Admin is not enhanced.

[2019-03-23 22:57:49 #4 type] 
Type domain.Worker is not enhanced.

[2019-03-23 22:57:49 #5 type] 
Type domain.Question is not enhanced.

[2019-03-23 22:57:49 #6 type] 
Type domain.Event is not enhanced.

[2019-03-23 22:57:49 #7 type] 
Type domain.Registered is not enhanced.

[2019-03-23 22:57:49 #8 type] 
Type domain.Transaction is not enhanced.

[2019-03-23 22:57:49 #9 type] 
Type domain.Fee is not enhanced.

------------------------------------------------------------------------------------------------------------------------

[2019-03-23 23:00:00 #1 store] 
Database 'C:\Users\aitor\eclipse-workspace\2iterazioa(3)eztaka setresult.zip_expanded\2iteration\resources\bets.temp' is opened by 10292@Aitor

[2019-03-23 23:00:00 #2 type] 
Type domain.User is not enhanced.

[2019-03-23 23:00:00 #3 type] 
Type domain.Admin is not enhanced.

[2019-03-23 23:00:00 #4 type] 
Type domain.Worker is not enhanced.

[2019-03-23 23:00:00 #5 type] 
Type domain.Question is not enhanced.

[2019-03-23 23:00:00 #6 type] 
Type domain.Event is not enhanced.

[2019-03-23 23:00:00 #7 type] 
Type domain.Registered is not enhanced.

[2019-03-23 23:00:00 #8 type] 
Type domain.Transaction is not enhanced.

[2019-03-23 23:00:00 #9 type] 
Type domain.Fee is not enhanced.

------------------------------------------------------------------------------------------------------------------------

[2019-03-23 23:04:40 #1 store] 
Database 'C:\Users\aitor\eclipse-workspace\2iterazioa(3)eztaka setresult.zip_expanded\2iteration\resources\bets.temp' is opened by 17148@Aitor

[2019-03-23 23:04:40 #2 type] 
Type domain.User is not enhanced.

[2019-03-23 23:04:40 #3 type] 
Type domain.Admin is not enhanced.

[2019-03-23 23:04:40 #4 type] 
Type domain.Worker is not enhanced.

[2019-03-23 23:04:40 #5 type] 
Type domain.Question is not enhanced.

[2019-03-23 23:04:40 #6 type] 
Type domain.Event is not enhanced.

[2019-03-23 23:04:40 #7 type] 
Type domain.Registered is not enhanced.

[2019-03-23 23:04:40 #8 type] 
Type domain.Transaction is not enhanced.

[2019-03-23 23:04:40 #9 type] 
Type domain.Fee is not enhanced.

------------------------------------------------------------------------------------------------------------------------

[2019-03-23 23:05:34 #1 store] 
Database 'C:\Users\aitor\eclipse-workspace\2iterazioa(3)eztaka setresult.zip_expanded\2iteration\resources\bets.temp' is opened by 744@Aitor

[2019-03-23 23:05:34 #2 type] 
Type domain.User is not enhanced.

[2019-03-23 23:05:34 #3 type] 
Type domain.Admin is not enhanced.

[2019-03-23 23:05:34 #4 type] 
Type domain.Worker is not enhanced.

[2019-03-23 23:05:34 #5 type] 
Type domain.Question is not enhanced.

[2019-03-23 23:05:34 #6 type] 
Type domain.Event is not enhanced.

[2019-03-23 23:05:34 #7 type] 
Type domain.Registered is not enhanced.

[2019-03-23 23:05:34 #8 type] 
Type domain.Transaction is not enhanced.

[2019-03-23 23:05:34 #9 type] 
Type domain.Fee is not enhanced.

------------------------------------------------------------------------------------------------------------------------

[2019-03-23 23:06:06 #1 store] 
Database 'C:\Users\aitor\eclipse-workspace\2iterazioa(3)eztaka setresult.zip_expanded\2iteration\resources\bets.temp' is opened by 16020@Aitor

[2019-03-23 23:06:06 #2 type] 
Type domain.User is not enhanced.

[2019-03-23 23:06:06 #3 type] 
Type domain.Admin is not enhanced.

[2019-03-23 23:06:06 #4 type] 
Type domain.Worker is not enhanced.

[2019-03-23 23:06:06 #5 type] 
Type domain.Question is not enhanced.

[2019-03-23 23:06:06 #6 type] 
Type domain.Event is not enhanced.

[2019-03-23 23:06:06 #7 type] 
Type domain.Registered is not enhanced.

[2019-03-23 23:06:06 #8 type] 
Type domain.Transaction is not enhanced.

[2019-03-23 23:06:06 #9 type] 
Type domain.Fee is not enhanced.

------------------------------------------------------------------------------------------------------------------------

[2019-03-23 23:06:21 #1 store] 
Database 'C:\Users\aitor\eclipse-workspace\2iterazioa(3)eztaka setresult.zip_expanded\2iteration\resources\bets.temp' is opened by 15596@Aitor

[2019-03-23 23:06:21 #2 type] 
Type domain.User is not enhanced.

[2019-03-23 23:06:21 #3 type] 
Type domain.Admin is not enhanced.

[2019-03-23 23:06:21 #4 type] 
Type domain.Worker is not enhanced.

[2019-03-23 23:06:21 #5 type] 
Type domain.Question is not enhanced.

[2019-03-23 23:06:21 #6 type] 
Type domain.Event is not enhanced.

[2019-03-23 23:06:21 #7 type] 
Type domain.Registered is not enhanced.

[2019-03-23 23:06:21 #8 type] 
Type domain.Transaction is not enhanced.

[2019-03-23 23:06:21 #9 type] 
Type domain.Fee is not enhanced.

------------------------------------------------------------------------------------------------------------------------

[2019-03-23 23:07:04 #1 store] 
Database 'C:\Users\aitor\eclipse-workspace\2iterazioa(3)eztaka setresult.zip_expanded\2iteration\resources\bets.temp' has been recovered (tr. 187-187)

[2019-03-23 23:07:04 #2 store] 
Database 'C:\Users\aitor\eclipse-workspace\2iterazioa(3)eztaka setresult.zip_expanded\2iteration\resources\bets.temp' is opened by 13852@Aitor

[2019-03-23 23:07:04 #3 type] 
Type domain.User is not enhanced.

[2019-03-23 23:07:04 #4 type] 
Type domain.Admin is not enhanced.

[2019-03-23 23:07:04 #5 type] 
Type domain.Worker is not enhanced.

[2019-03-23 23:07:04 #6 type] 
Type domain.Question is not enhanced.

[2019-03-23 23:07:04 #7 type] 
Type domain.Event is not enhanced.

[2019-03-23 23:07:04 #8 type] 
Type domain.Registered is not enhanced.

[2019-03-23 23:07:04 #9 type] 
Type domain.Transaction is not enhanced.

[2019-03-23 23:07:04 #10 type] 
Type domain.Fee is not enhanced.

------------------------------------------------------------------------------------------------------------------------

[2019-03-23 23:07:14 #1 store] 
Database 'C:\Users\aitor\eclipse-workspace\2iterazioa(3)eztaka setresult.zip_expanded\2iteration\resources\bets.temp' is opened by 5164@Aitor

[2019-03-23 23:07:14 #2 type] 
Type domain.User is not enhanced.

[2019-03-23 23:07:14 #3 type] 
Type domain.Admin is not enhanced.

[2019-03-23 23:07:14 #4 type] 
Type domain.Worker is not enhanced.

[2019-03-23 23:07:14 #5 type] 
Type domain.Question is not enhanced.

[2019-03-23 23:07:14 #6 type] 
Type domain.Event is not enhanced.

[2019-03-23 23:07:14 #7 type] 
Type domain.Registered is not enhanced.

[2019-03-23 23:07:14 #8 type] 
Type domain.Transaction is not enhanced.

[2019-03-23 23:07:14 #9 type] 
Type domain.Fee is not enhanced.

------------------------------------------------------------------------------------------------------------------------

[2019-03-23 23:08:45 #1 store] 
Database 'C:\Users\aitor\eclipse-workspace\2iterazioa(3)eztaka setresult.zip_expanded\2iteration\resources\bets.temp' is opened by 17360@Aitor

[2019-03-23 23:08:45 #2 type] 
Type domain.User is not enhanced.

[2019-03-23 23:08:45 #3 type] 
Type domain.Admin is not enhanced.

[2019-03-23 23:08:45 #4 type] 
Type domain.Worker is not enhanced.

[2019-03-23 23:08:45 #5 type] 
Type domain.Question is not enhanced.

[2019-03-23 23:08:45 #6 type] 
Type domain.Event is not enhanced.

[2019-03-23 23:08:45 #7 type] 
Type domain.Registered is not enhanced.

[2019-03-23 23:08:45 #8 type] 
Type domain.Transaction is not enhanced.

[2019-03-23 23:08:45 #9 type] 
Type domain.Fee is not enhanced.

------------------------------------------------------------------------------------------------------------------------

[2019-03-23 23:10:06 #1 store] 
Database 'C:\Users\aitor\eclipse-workspace\2iterazioa(3)eztaka setresult.zip_expanded\2iteration\resources\bets.temp' is opened by 14524@Aitor

[2019-03-23 23:10:06 #2 type] 
Type domain.User is not enhanced.

[2019-03-23 23:10:06 #3 type] 
Type domain.Admin is not enhanced.

[2019-03-23 23:10:06 #4 type] 
Type domain.Worker is not enhanced.

[2019-03-23 23:10:06 #5 type] 
Type domain.Question is not enhanced.

[2019-03-23 23:10:06 #6 type] 
Type domain.Event is not enhanced.

[2019-03-23 23:10:06 #7 type] 
Type domain.Registered is not enhanced.

[2019-03-23 23:10:06 #8 type] 
Type domain.Transaction is not enhanced.

[2019-03-23 23:10:06 #9 type] 
Type domain.Fee is not enhanced.

------------------------------------------------------------------------------------------------------------------------

[2019-03-23 23:14:54 #1 store] 
Database 'C:\Users\aitor\eclipse-workspace\2iterazioa(3)eztaka setresult.zip_expanded\2iteration\resources\bets.temp' is opened by 16896@Aitor

[2019-03-23 23:14:54 #2 type] 
Type domain.User is not enhanced.

[2019-03-23 23:14:54 #3 type] 
Type domain.Admin is not enhanced.

[2019-03-23 23:14:54 #4 type] 
Type domain.Worker is not enhanced.

[2019-03-23 23:14:54 #5 type] 
Type domain.Question is not enhanced.

[2019-03-23 23:14:54 #6 type] 
Type domain.Event is not enhanced.

[2019-03-23 23:14:54 #7 type] 
Type domain.Registered is not enhanced.

[2019-03-23 23:14:54 #8 type] 
Type domain.Transaction is not enhanced.

[2019-03-23 23:14:54 #9 type] 
Type domain.Fee is not enhanced.

------------------------------------------------------------------------------------------------------------------------

[2019-03-23 23:17:07 #1 store] 
Database 'C:\Users\aitor\eclipse-workspace\2iterazioa(3)eztaka setresult.zip_expanded\2iteration\resources\bets.temp' is opened by 11620@Aitor

[2019-03-23 23:17:07 #2 type] 
Type domain.User is not enhanced.

[2019-03-23 23:17:07 #3 type] 
Type domain.Admin is not enhanced.

[2019-03-23 23:17:07 #4 type] 
Type domain.Worker is not enhanced.

[2019-03-23 23:17:07 #5 type] 
Type domain.Question is not enhanced.

[2019-03-23 23:17:07 #6 type] 
Type domain.Event is not enhanced.

[2019-03-23 23:17:07 #7 type] 
Type domain.Registered is not enhanced.

[2019-03-23 23:17:07 #8 type] 
Type domain.Transaction is not enhanced.

[2019-03-23 23:17:07 #9 type] 
Type domain.Fee is not enhanced.

------------------------------------------------------------------------------------------------------------------------

[2019-03-23 23:18:33 #1 store] 
Database 'C:\Users\aitor\eclipse-workspace\2iterazioa(3)eztaka setresult.zip_expanded\2iteration\resources\bets.temp' has been recovered (tr. 188-189)

[2019-03-23 23:18:33 #2 store] 
Database 'C:\Users\aitor\eclipse-workspace\2iterazioa(3)eztaka setresult.zip_expanded\2iteration\resources\bets.temp' is opened by 14584@Aitor

[2019-03-23 23:18:33 #3 type] 
Type domain.User is not enhanced.

[2019-03-23 23:18:33 #4 type] 
Type domain.Admin is not enhanced.

[2019-03-23 23:18:33 #5 type] 
Type domain.Worker is not enhanced.

[2019-03-23 23:18:33 #6 type] 
Type domain.Question is not enhanced.

[2019-03-23 23:18:33 #7 type] 
Type domain.Event is not enhanced.

[2019-03-23 23:18:33 #8 type] 
Type domain.Registered is not enhanced.

[2019-03-23 23:18:33 #9 type] 
Type domain.Transaction is not enhanced.

[2019-03-23 23:18:33 #10 type] 
Type domain.Fee is not enhanced.

------------------------------------------------------------------------------------------------------------------------

[2019-03-23 23:21:31 #1 store] 
Database 'C:\Users\aitor\eclipse-workspace\2iterazioa(3)eztaka setresult.zip_expanded\2iteration\resources\bets.temp' is opened by 14596@Aitor

[2019-03-23 23:21:31 #2 type] 
Type domain.User is not enhanced.

[2019-03-23 23:21:31 #3 type] 
Type domain.Admin is not enhanced.

[2019-03-23 23:21:31 #4 type] 
Type domain.Worker is not enhanced.

[2019-03-23 23:21:32 #5 type] 
Type domain.Question is not enhanced.

[2019-03-23 23:21:32 #6 type] 
Type domain.Event is not enhanced.

[2019-03-23 23:21:32 #7 type] 
Type domain.Registered is not enhanced.

[2019-03-23 23:21:32 #8 type] 
Type domain.Transaction is not enhanced.

[2019-03-23 23:21:32 #9 type] 
Type domain.Fee is not enhanced.

------------------------------------------------------------------------------------------------------------------------

[2019-03-23 23:24:43 #1 store] 
Database 'C:\Users\aitor\eclipse-workspace\2iterazioa(3)eztaka setresult.zip_expanded\2iteration\resources\bets.temp' is opened by 14740@Aitor

[2019-03-23 23:24:43 #2 type] 
Type domain.User is not enhanced.

[2019-03-23 23:24:43 #3 type] 
Type domain.Admin is not enhanced.

[2019-03-23 23:24:43 #4 type] 
Type domain.Worker is not enhanced.

[2019-03-23 23:24:43 #5 type] 
Type domain.Question is not enhanced.

[2019-03-23 23:24:43 #6 type] 
Type domain.Event is not enhanced.

[2019-03-23 23:24:43 #7 type] 
Type domain.Registered is not enhanced.

[2019-03-23 23:24:43 #8 type] 
Type domain.Transaction is not enhanced.

[2019-03-23 23:24:43 #9 type] 
Type domain.Fee is not enhanced.

------------------------------------------------------------------------------------------------------------------------

[2019-03-23 23:26:25 #1 store] 
Database 'C:\Users\aitor\eclipse-workspace\2iterazioa(3)eztaka setresult.zip_expanded\2iteration\resources\bets.temp' is opened by 15916@Aitor

[2019-03-23 23:26:25 #2 type] 
Type domain.User is not enhanced.

[2019-03-23 23:26:25 #3 type] 
Type domain.Admin is not enhanced.

[2019-03-23 23:26:25 #4 type] 
Type domain.Worker is not enhanced.

[2019-03-23 23:26:25 #5 type] 
Type domain.Question is not enhanced.

[2019-03-23 23:26:25 #6 type] 
Type domain.Event is not enhanced.

[2019-03-23 23:26:25 #7 type] 
Type domain.Registered is not enhanced.

[2019-03-23 23:26:25 #8 type] 
Type domain.Transaction is not enhanced.

[2019-03-23 23:26:25 #9 type] 
Type domain.Fee is not enhanced.

------------------------------------------------------------------------------------------------------------------------

[2019-03-23 23:27:25 #1 store] 
Database 'C:\Users\aitor\eclipse-workspace\2iterazioa(3)eztaka setresult.zip_expanded\2iteration\resources\bets.temp' is opened by 5664@Aitor

[2019-03-23 23:27:25 #2 type] 
Type domain.User is not enhanced.

[2019-03-23 23:27:25 #3 type] 
Type domain.Admin is not enhanced.

[2019-03-23 23:27:25 #4 type] 
Type domain.Worker is not enhanced.

[2019-03-23 23:27:25 #5 type] 
Type domain.Question is not enhanced.

[2019-03-23 23:27:25 #6 type] 
Type domain.Event is not enhanced.

[2019-03-23 23:27:25 #7 type] 
Type domain.Registered is not enhanced.

[2019-03-23 23:27:25 #8 type] 
Type domain.Transaction is not enhanced.

[2019-03-23 23:27:25 #9 type] 
Type domain.Fee is not enhanced.

------------------------------------------------------------------------------------------------------------------------

[2019-03-23 23:28:17 #1 store] 
Database 'C:\Users\aitor\eclipse-workspace\2iterazioa(3)eztaka setresult.zip_expanded\2iteration\resources\bets.temp' has been recovered (tr. 190-190)

[2019-03-23 23:28:18 #2 store] 
Database 'C:\Users\aitor\eclipse-workspace\2iterazioa(3)eztaka setresult.zip_expanded\2iteration\resources\bets.temp' is opened by 14944@Aitor

[2019-03-23 23:28:18 #3 type] 
Type domain.User is not enhanced.

[2019-03-23 23:28:18 #4 type] 
Type domain.Admin is not enhanced.

[2019-03-23 23:28:18 #5 type] 
Type domain.Worker is not enhanced.

[2019-03-23 23:28:18 #6 type] 
Type domain.Question is not enhanced.

[2019-03-23 23:28:18 #7 type] 
Type domain.Event is not enhanced.

[2019-03-23 23:28:18 #8 type] 
Type domain.Registered is not enhanced.

[2019-03-23 23:28:18 #9 type] 
Type domain.Transaction is not enhanced.

[2019-03-23 23:28:18 #10 type] 
Type domain.Fee is not enhanced.

------------------------------------------------------------------------------------------------------------------------

[2019-03-23 23:31:54 #1 store] 
Database 'C:\Users\aitor\eclipse-workspace\2iterazioa(3)eztaka setresult.zip_expanded\2iteration\resources\bets.temp' is opened by 16780@Aitor

[2019-03-23 23:31:55 #2 type] 
Type domain.User is not enhanced.

[2019-03-23 23:31:55 #3 type] 
Type domain.Admin is not enhanced.

[2019-03-23 23:31:55 #4 type] 
Type domain.Worker is not enhanced.

[2019-03-23 23:31:55 #5 type] 
Type domain.Question is not enhanced.

[2019-03-23 23:31:55 #6 type] 
Type domain.Event is not enhanced.

[2019-03-23 23:31:55 #7 type] 
Type domain.Registered is not enhanced.

[2019-03-23 23:31:55 #8 type] 
Type domain.Transaction is not enhanced.

[2019-03-23 23:31:55 #9 type] 
Type domain.Fee is not enhanced.

------------------------------------------------------------------------------------------------------------------------

[2019-03-23 23:32:28 #1 store] 
Database 'C:\Users\aitor\eclipse-workspace\2iterazioa(3)eztaka setresult.zip_expanded\2iteration\resources\bets.temp' has been recovered (tr. 197-197)

[2019-03-23 23:32:28 #2 store] 
Database 'C:\Users\aitor\eclipse-workspace\2iterazioa(3)eztaka setresult.zip_expanded\2iteration\resources\bets.temp' is opened by 13948@Aitor

[2019-03-23 23:32:28 #3 type] 
Type domain.User is not enhanced.

[2019-03-23 23:32:28 #4 type] 
Type domain.Admin is not enhanced.

[2019-03-23 23:32:28 #5 type] 
Type domain.Worker is not enhanced.

[2019-03-23 23:32:28 #6 type] 
Type domain.Question is not enhanced.

[2019-03-23 23:32:28 #7 type] 
Type domain.Event is not enhanced.

[2019-03-23 23:32:28 #8 type] 
Type domain.Registered is not enhanced.

[2019-03-23 23:32:28 #9 type] 
Type domain.Transaction is not enhanced.

[2019-03-23 23:32:28 #10 type] 
Type domain.Fee is not enhanced.

------------------------------------------------------------------------------------------------------------------------

[2019-03-23 23:32:46 #1 store] 
Database 'C:\Users\aitor\eclipse-workspace\2iterazioa(3)eztaka setresult.zip_expanded\2iteration\resources\bets.temp' has been recovered (tr. 198-198)

[2019-03-23 23:32:46 #2 store] 
Database 'C:\Users\aitor\eclipse-workspace\2iterazioa(3)eztaka setresult.zip_expanded\2iteration\resources\bets.temp' is opened by 11396@Aitor

[2019-03-23 23:32:46 #3 type] 
Type domain.User is not enhanced.

[2019-03-23 23:32:46 #4 type] 
Type domain.Admin is not enhanced.

[2019-03-23 23:32:46 #5 type] 
Type domain.Worker is not enhanced.

[2019-03-23 23:32:46 #6 type] 
Type domain.Question is not enhanced.

[2019-03-23 23:32:46 #7 type] 
Type domain.Event is not enhanced.

[2019-03-23 23:32:46 #8 type] 
Type domain.Registered is not enhanced.

[2019-03-23 23:32:46 #9 type] 
Type domain.Transaction is not enhanced.

[2019-03-23 23:32:46 #10 type] 
Type domain.Fee is not enhanced.

------------------------------------------------------------------------------------------------------------------------

[2019-03-23 23:34:09 #1 store] 
Database 'C:\Users\aitor\eclipse-workspace\2iterazioa(3)eztaka setresult.zip_expanded\2iteration\resources\bets.temp' is opened by 16208@Aitor

[2019-03-23 23:34:09 #2 type] 
Type domain.User is not enhanced.

[2019-03-23 23:34:09 #3 type] 
Type domain.Admin is not enhanced.

[2019-03-23 23:34:09 #4 type] 
Type domain.Worker is not enhanced.

[2019-03-23 23:34:09 #5 type] 
Type domain.Question is not enhanced.

[2019-03-23 23:34:09 #6 type] 
Type domain.Event is not enhanced.

[2019-03-23 23:34:09 #7 type] 
Type domain.Registered is not enhanced.

[2019-03-23 23:34:09 #8 type] 
Type domain.Transaction is not enhanced.

[2019-03-23 23:34:09 #9 type] 
Type domain.Fee is not enhanced.

------------------------------------------------------------------------------------------------------------------------

[2019-03-23 23:35:47 #1 store] 
Database 'C:\Users\aitor\eclipse-workspace\2iterazioa(3)eztaka setresult.zip_expanded\2iteration\resources\bets.temp' is opened by 16344@Aitor

[2019-03-23 23:35:47 #2 type] 
Type domain.User is not enhanced.

[2019-03-23 23:35:47 #3 type] 
Type domain.Admin is not enhanced.

[2019-03-23 23:35:47 #4 type] 
Type domain.Worker is not enhanced.

[2019-03-23 23:35:47 #5 type] 
Type domain.Question is not enhanced.

[2019-03-23 23:35:47 #6 type] 
Type domain.Event is not enhanced.

[2019-03-23 23:35:47 #7 type] 
Type domain.Registered is not enhanced.

[2019-03-23 23:35:47 #8 type] 
Type domain.Transaction is not enhanced.

[2019-03-23 23:35:47 #9 type] 
Type domain.Fee is not enhanced.

------------------------------------------------------------------------------------------------------------------------

[2019-03-23 23:36:21 #1 store] 
Database 'C:\Users\aitor\eclipse-workspace\2iterazioa(3)eztaka setresult.zip_expanded\2iteration\resources\bets.temp' has been recovered (tr. 199-199)

[2019-03-23 23:36:21 #2 store] 
Database 'C:\Users\aitor\eclipse-workspace\2iterazioa(3)eztaka setresult.zip_expanded\2iteration\resources\bets.temp' is opened by 15668@Aitor

[2019-03-23 23:36:21 #3 type] 
Type domain.User is not enhanced.

[2019-03-23 23:36:21 #4 type] 
Type domain.Admin is not enhanced.

[2019-03-23 23:36:21 #5 type] 
Type domain.Worker is not enhanced.

[2019-03-23 23:36:21 #6 type] 
Type domain.Question is not enhanced.

[2019-03-23 23:36:21 #7 type] 
Type domain.Event is not enhanced.

[2019-03-23 23:36:21 #8 type] 
Type domain.Registered is not enhanced.

[2019-03-23 23:36:21 #9 type] 
Type domain.Transaction is not enhanced.

[2019-03-23 23:36:21 #10 type] 
Type domain.Fee is not enhanced.

------------------------------------------------------------------------------------------------------------------------

[2019-03-23 23:38:17 #1 store] 
Database 'C:\Users\aitor\eclipse-workspace\2iterazioa(3)eztaka setresult.zip_expanded\2iteration\resources\bets.temp' is opened by 10032@Aitor

[2019-03-23 23:38:17 #2 type] 
Type domain.User is not enhanced.

[2019-03-23 23:38:17 #3 type] 
Type domain.Admin is not enhanced.

[2019-03-23 23:38:17 #4 type] 
Type domain.Worker is not enhanced.

[2019-03-23 23:38:17 #5 type] 
Type domain.Question is not enhanced.

[2019-03-23 23:38:17 #6 type] 
Type domain.Event is not enhanced.

[2019-03-23 23:38:17 #7 type] 
Type domain.Registered is not enhanced.

[2019-03-23 23:38:17 #8 type] 
Type domain.Transaction is not enhanced.

[2019-03-23 23:38:17 #9 type] 
Type domain.Fee is not enhanced.

